MasterAPI|API|HOST_NAME_IS_UNDEFINED|INFO|2019-05-17 11:44:29.383|2019-05-17|HOST_IP_IS_UNDEFINED|SELECT 1 
 {executed in 8 msec}
MasterAPI|API|HOST_NAME_IS_UNDEFINED|INFO|2019-05-17 11:44:29.458|2019-05-17|HOST_IP_IS_UNDEFINED|SELECT 1 
 {executed in 0 msec}
MasterAPI|API|HOST_NAME_IS_UNDEFINED|ERROR|2019-05-17 11:44:29.633|2019-05-17|HOST_IP_IS_UNDEFINED|2. Connection.createClob()
java.sql.SQLFeatureNotSupportedException: Method org.postgresql.jdbc4.Jdbc4Connection.createClob() is not yet implemented.
	at org.postgresql.Driver.notImplemented(Driver.java:670)
	at org.postgresql.jdbc4.AbstractJdbc4Connection.createClob(AbstractJdbc4Connection.java:61)
	at org.postgresql.jdbc4.Jdbc4Connection.createClob(Jdbc4Connection.java:21)
	at net.sf.log4jdbc.ConnectionSpy.createClob(ConnectionSpy.java:495)
	at org.apache.commons.dbcp2.DelegatingConnection.createClob(DelegatingConnection.java:868)
	at org.apache.commons.dbcp2.DelegatingConnection.createClob(DelegatingConnection.java:868)
	at sun.reflect.NativeMethodAccessorImpl.invoke0(Native Method)
	at sun.reflect.NativeMethodAccessorImpl.invoke(NativeMethodAccessorImpl.java:62)
	at sun.reflect.DelegatingMethodAccessorImpl.invoke(DelegatingMethodAccessorImpl.java:43)
	at java.lang.reflect.Method.invoke(Method.java:498)
	at org.hibernate.engine.jdbc.env.internal.LobCreatorBuilderImpl.useContextualLobCreation(LobCreatorBuilderImpl.java:113)
	at org.hibernate.engine.jdbc.env.internal.LobCreatorBuilderImpl.makeLobCreatorBuilder(LobCreatorBuilderImpl.java:54)
	at org.hibernate.engine.jdbc.env.internal.JdbcEnvironmentImpl.<init>(JdbcEnvironmentImpl.java:252)
	at org.hibernate.engine.jdbc.env.internal.JdbcEnvironmentInitiator.initiateService(JdbcEnvironmentInitiator.java:114)
	at org.hibernate.engine.jdbc.env.internal.JdbcEnvironmentInitiator.initiateService(JdbcEnvironmentInitiator.java:35)
	at org.hibernate.boot.registry.internal.StandardServiceRegistryImpl.initiateService(StandardServiceRegistryImpl.java:88)
	at org.hibernate.service.internal.AbstractServiceRegistryImpl.createService(AbstractServiceRegistryImpl.java:254)
	at org.hibernate.service.internal.AbstractServiceRegistryImpl.initializeService(AbstractServiceRegistryImpl.java:228)
	at org.hibernate.service.internal.AbstractServiceRegistryImpl.getService(AbstractServiceRegistryImpl.java:207)
	at org.hibernate.engine.jdbc.internal.JdbcServicesImpl.configure(JdbcServicesImpl.java:51)
	at org.hibernate.boot.registry.internal.StandardServiceRegistryImpl.configureService(StandardServiceRegistryImpl.java:94)
	at org.hibernate.service.internal.AbstractServiceRegistryImpl.initializeService(AbstractServiceRegistryImpl.java:237)
	at org.hibernate.service.internal.AbstractServiceRegistryImpl.getService(AbstractServiceRegistryImpl.java:207)
	at org.hibernate.boot.model.process.spi.MetadataBuildingProcess.handleTypes(MetadataBuildingProcess.java:352)
	at org.hibernate.boot.model.process.spi.MetadataBuildingProcess.complete(MetadataBuildingProcess.java:111)
	at org.hibernate.jpa.boot.internal.EntityManagerFactoryBuilderImpl.metadata(EntityManagerFactoryBuilderImpl.java:847)
	at org.hibernate.jpa.boot.internal.EntityManagerFactoryBuilderImpl.build(EntityManagerFactoryBuilderImpl.java:874)
	at org.springframework.orm.jpa.vendor.SpringHibernateJpaPersistenceProvider.createContainerEntityManagerFactory(SpringHibernateJpaPersistenceProvider.java:60)
	at org.springframework.orm.jpa.LocalContainerEntityManagerFactoryBean.createNativeEntityManagerFactory(LocalContainerEntityManagerFactoryBean.java:360)
	at org.springframework.orm.jpa.AbstractEntityManagerFactoryBean.buildNativeEntityManagerFactory(AbstractEntityManagerFactoryBean.java:384)
	at org.springframework.orm.jpa.AbstractEntityManagerFactoryBean.afterPropertiesSet(AbstractEntityManagerFactoryBean.java:371)
	at org.springframework.orm.jpa.LocalContainerEntityManagerFactoryBean.afterPropertiesSet(LocalContainerEntityManagerFactoryBean.java:336)
	at com.kt.iot.config.DataSourceConfiguration.entityManagerFactory(DataSourceConfiguration.java:163)
	at com.kt.iot.config.DataSourceConfiguration$$EnhancerBySpringCGLIB$$709a1b5b.CGLIB$entityManagerFactory$3(<generated>)
	at com.kt.iot.config.DataSourceConfiguration$$EnhancerBySpringCGLIB$$709a1b5b$$FastClassBySpringCGLIB$$7cbedc7b.invoke(<generated>)
	at org.springframework.cglib.proxy.MethodProxy.invokeSuper(MethodProxy.java:228)
	at org.springframework.context.annotation.ConfigurationClassEnhancer$BeanMethodInterceptor.intercept(ConfigurationClassEnhancer.java:358)
	at com.kt.iot.config.DataSourceConfiguration$$EnhancerBySpringCGLIB$$709a1b5b.entityManagerFactory(<generated>)
	at sun.reflect.NativeMethodAccessorImpl.invoke0(Native Method)
	at sun.reflect.NativeMethodAccessorImpl.invoke(NativeMethodAccessorImpl.java:62)
	at sun.reflect.DelegatingMethodAccessorImpl.invoke(DelegatingMethodAccessorImpl.java:43)
	at java.lang.reflect.Method.invoke(Method.java:498)
	at org.springframework.beans.factory.support.SimpleInstantiationStrategy.instantiate(SimpleInstantiationStrategy.java:162)
	at org.springframework.beans.factory.support.ConstructorResolver.instantiateUsingFactoryMethod(ConstructorResolver.java:588)
	at org.springframework.beans.factory.support.AbstractAutowireCapableBeanFactory.instantiateUsingFactoryMethod(AbstractAutowireCapableBeanFactory.java:1177)
	at org.springframework.beans.factory.support.AbstractAutowireCapableBeanFactory.createBeanInstance(AbstractAutowireCapableBeanFactory.java:1072)
	at org.springframework.beans.factory.support.AbstractAutowireCapableBeanFactory.doCreateBean(AbstractAutowireCapableBeanFactory.java:511)
	at org.springframework.beans.factory.support.AbstractAutowireCapableBeanFactory.createBean(AbstractAutowireCapableBeanFactory.java:481)
	at org.springframework.beans.factory.support.AbstractBeanFactory$1.getObject(AbstractBeanFactory.java:312)
	at org.springframework.beans.factory.support.DefaultSingletonBeanRegistry.getSingleton(DefaultSingletonBeanRegistry.java:230)
	at org.springframework.beans.factory.support.AbstractBeanFactory.doGetBean(AbstractBeanFactory.java:308)
	at org.springframework.beans.factory.support.AbstractBeanFactory.getBean(AbstractBeanFactory.java:197)
	at org.springframework.context.support.AbstractApplicationContext.getBean(AbstractApplicationContext.java:1082)
	at org.springframework.context.support.AbstractApplicationContext.finishBeanFactoryInitialization(AbstractApplicationContext.java:857)
	at org.springframework.context.support.AbstractApplicationContext.refresh(AbstractApplicationContext.java:542)
	at org.springframework.boot.context.embedded.EmbeddedWebApplicationContext.refresh(EmbeddedWebApplicationContext.java:124)
	at org.springframework.boot.SpringApplication.refresh(SpringApplication.java:693)
	at org.springframework.boot.SpringApplication.refreshContext(SpringApplication.java:360)
	at org.springframework.boot.SpringApplication.run(SpringApplication.java:303)
	at org.springframework.boot.SpringApplication.run(SpringApplication.java:1118)
	at org.springframework.boot.SpringApplication.run(SpringApplication.java:1107)
	at com.kt.iot.master.MasterApiApplication.main(MasterApiApplication.java:112)
MasterAPI|API|HOST_NAME_IS_UNDEFINED|INFO|2019-05-17 11:44:30.101|2019-05-17|HOST_IP_IS_UNDEFINED|SELECT 1 
 {executed in 0 msec}
MasterAPI|API|HOST_NAME_IS_UNDEFINED|INFO|2019-05-17 11:44:30.105|2019-05-17|HOST_IP_IS_UNDEFINED|select relname from pg_class where relkind='S' 
 {executed in 3 msec}
MasterAPI|API|HOST_NAME_IS_UNDEFINED|INFO|2019-05-17 11:44:30.180|2019-05-17|HOST_IP_IS_UNDEFINED|SELECT 1 
 {executed in 1 msec}
MasterAPI|API|HOST_NAME_IS_UNDEFINED|INFO|2019-05-17 11:44:30.457|2019-05-17|HOST_IP_IS_UNDEFINED|SELECT 1 
 {executed in 0 msec}
MasterAPI|API|HOST_NAME_IS_UNDEFINED|ERROR|2019-05-17 11:44:30.463|2019-05-17|HOST_IP_IS_UNDEFINED|2. Connection.createClob()
java.sql.SQLFeatureNotSupportedException: Method org.postgresql.jdbc4.Jdbc4Connection.createClob() is not yet implemented.
	at org.postgresql.Driver.notImplemented(Driver.java:670)
	at org.postgresql.jdbc4.AbstractJdbc4Connection.createClob(AbstractJdbc4Connection.java:61)
	at org.postgresql.jdbc4.Jdbc4Connection.createClob(Jdbc4Connection.java:21)
	at net.sf.log4jdbc.ConnectionSpy.createClob(ConnectionSpy.java:495)
	at org.apache.commons.dbcp2.DelegatingConnection.createClob(DelegatingConnection.java:868)
	at org.apache.commons.dbcp2.DelegatingConnection.createClob(DelegatingConnection.java:868)
	at sun.reflect.NativeMethodAccessorImpl.invoke0(Native Method)
	at sun.reflect.NativeMethodAccessorImpl.invoke(NativeMethodAccessorImpl.java:62)
	at sun.reflect.DelegatingMethodAccessorImpl.invoke(DelegatingMethodAccessorImpl.java:43)
	at java.lang.reflect.Method.invoke(Method.java:498)
	at org.hibernate.engine.jdbc.env.internal.LobCreatorBuilderImpl.useContextualLobCreation(LobCreatorBuilderImpl.java:113)
	at org.hibernate.engine.jdbc.env.internal.LobCreatorBuilderImpl.makeLobCreatorBuilder(LobCreatorBuilderImpl.java:54)
	at org.hibernate.engine.jdbc.env.internal.JdbcEnvironmentImpl.<init>(JdbcEnvironmentImpl.java:252)
	at org.hibernate.engine.jdbc.env.internal.JdbcEnvironmentInitiator.initiateService(JdbcEnvironmentInitiator.java:114)
	at org.hibernate.engine.jdbc.env.internal.JdbcEnvironmentInitiator.initiateService(JdbcEnvironmentInitiator.java:35)
	at org.hibernate.boot.registry.internal.StandardServiceRegistryImpl.initiateService(StandardServiceRegistryImpl.java:88)
	at org.hibernate.service.internal.AbstractServiceRegistryImpl.createService(AbstractServiceRegistryImpl.java:254)
	at org.hibernate.service.internal.AbstractServiceRegistryImpl.initializeService(AbstractServiceRegistryImpl.java:228)
	at org.hibernate.service.internal.AbstractServiceRegistryImpl.getService(AbstractServiceRegistryImpl.java:207)
	at org.hibernate.engine.jdbc.internal.JdbcServicesImpl.configure(JdbcServicesImpl.java:51)
	at org.hibernate.boot.registry.internal.StandardServiceRegistryImpl.configureService(StandardServiceRegistryImpl.java:94)
	at org.hibernate.service.internal.AbstractServiceRegistryImpl.initializeService(AbstractServiceRegistryImpl.java:237)
	at org.hibernate.service.internal.AbstractServiceRegistryImpl.getService(AbstractServiceRegistryImpl.java:207)
	at org.hibernate.boot.model.process.spi.MetadataBuildingProcess.handleTypes(MetadataBuildingProcess.java:352)
	at org.hibernate.boot.model.process.spi.MetadataBuildingProcess.complete(MetadataBuildingProcess.java:111)
	at org.hibernate.jpa.boot.internal.EntityManagerFactoryBuilderImpl.metadata(EntityManagerFactoryBuilderImpl.java:847)
	at org.hibernate.jpa.boot.internal.EntityManagerFactoryBuilderImpl.build(EntityManagerFactoryBuilderImpl.java:874)
	at org.springframework.orm.jpa.vendor.SpringHibernateJpaPersistenceProvider.createContainerEntityManagerFactory(SpringHibernateJpaPersistenceProvider.java:60)
	at org.springframework.orm.jpa.LocalContainerEntityManagerFactoryBean.createNativeEntityManagerFactory(LocalContainerEntityManagerFactoryBean.java:360)
	at org.springframework.orm.jpa.AbstractEntityManagerFactoryBean.buildNativeEntityManagerFactory(AbstractEntityManagerFactoryBean.java:384)
	at org.springframework.orm.jpa.AbstractEntityManagerFactoryBean.afterPropertiesSet(AbstractEntityManagerFactoryBean.java:371)
	at org.springframework.orm.jpa.LocalContainerEntityManagerFactoryBean.afterPropertiesSet(LocalContainerEntityManagerFactoryBean.java:336)
	at org.springframework.beans.factory.support.AbstractAutowireCapableBeanFactory.invokeInitMethods(AbstractAutowireCapableBeanFactory.java:1688)
	at org.springframework.beans.factory.support.AbstractAutowireCapableBeanFactory.initializeBean(AbstractAutowireCapableBeanFactory.java:1626)
	at org.springframework.beans.factory.support.AbstractAutowireCapableBeanFactory.doCreateBean(AbstractAutowireCapableBeanFactory.java:553)
	at org.springframework.beans.factory.support.AbstractAutowireCapableBeanFactory.createBean(AbstractAutowireCapableBeanFactory.java:481)
	at org.springframework.beans.factory.support.AbstractBeanFactory$1.getObject(AbstractBeanFactory.java:312)
	at org.springframework.beans.factory.support.DefaultSingletonBeanRegistry.getSingleton(DefaultSingletonBeanRegistry.java:230)
	at org.springframework.beans.factory.support.AbstractBeanFactory.doGetBean(AbstractBeanFactory.java:308)
	at org.springframework.beans.factory.support.AbstractBeanFactory.getBean(AbstractBeanFactory.java:197)
	at org.springframework.context.support.AbstractApplicationContext.getBean(AbstractApplicationContext.java:1082)
	at org.springframework.context.support.AbstractApplicationContext.finishBeanFactoryInitialization(AbstractApplicationContext.java:857)
	at org.springframework.context.support.AbstractApplicationContext.refresh(AbstractApplicationContext.java:542)
	at org.springframework.boot.context.embedded.EmbeddedWebApplicationContext.refresh(EmbeddedWebApplicationContext.java:124)
	at org.springframework.boot.SpringApplication.refresh(SpringApplication.java:693)
	at org.springframework.boot.SpringApplication.refreshContext(SpringApplication.java:360)
	at org.springframework.boot.SpringApplication.run(SpringApplication.java:303)
	at org.springframework.boot.SpringApplication.run(SpringApplication.java:1118)
	at org.springframework.boot.SpringApplication.run(SpringApplication.java:1107)
	at com.kt.iot.master.MasterApiApplication.main(MasterApiApplication.java:112)
MasterAPI|API|HOST_NAME_IS_UNDEFINED|INFO|2019-05-17 11:44:30.483|2019-05-17|HOST_IP_IS_UNDEFINED|SELECT 1 
 {executed in 0 msec}
MasterAPI|API|HOST_NAME_IS_UNDEFINED|INFO|2019-05-17 11:44:30.484|2019-05-17|HOST_IP_IS_UNDEFINED|select relname from pg_class where relkind='S' 
 {executed in 1 msec}
MasterAPI|API|HOST_NAME_IS_UNDEFINED|INFO|2019-05-17 11:44:30.484|2019-05-17|HOST_IP_IS_UNDEFINED|SELECT 1 
 {executed in 0 msec}
MasterAPI|API|HOST_NAME_IS_UNDEFINED|INFO|2019-05-17 11:45:03.590|2019-05-17|HOST_IP_IS_UNDEFINED|SELECT 1 
 {executed in 7 msec}
MasterAPI|API|HOST_NAME_IS_UNDEFINED|INFO|2019-05-17 11:45:03.782|2019-05-17|HOST_IP_IS_UNDEFINED|SELECT 1 
 {executed in 1 msec}
MasterAPI|API|HOST_NAME_IS_UNDEFINED|ERROR|2019-05-17 11:45:03.925|2019-05-17|HOST_IP_IS_UNDEFINED|2. Connection.createClob()
java.sql.SQLFeatureNotSupportedException: Method org.postgresql.jdbc4.Jdbc4Connection.createClob() is not yet implemented.
	at org.postgresql.Driver.notImplemented(Driver.java:670)
	at org.postgresql.jdbc4.AbstractJdbc4Connection.createClob(AbstractJdbc4Connection.java:61)
	at org.postgresql.jdbc4.Jdbc4Connection.createClob(Jdbc4Connection.java:21)
	at net.sf.log4jdbc.ConnectionSpy.createClob(ConnectionSpy.java:495)
	at org.apache.commons.dbcp2.DelegatingConnection.createClob(DelegatingConnection.java:868)
	at org.apache.commons.dbcp2.DelegatingConnection.createClob(DelegatingConnection.java:868)
	at sun.reflect.NativeMethodAccessorImpl.invoke0(Native Method)
	at sun.reflect.NativeMethodAccessorImpl.invoke(NativeMethodAccessorImpl.java:62)
	at sun.reflect.DelegatingMethodAccessorImpl.invoke(DelegatingMethodAccessorImpl.java:43)
	at java.lang.reflect.Method.invoke(Method.java:498)
	at org.hibernate.engine.jdbc.env.internal.LobCreatorBuilderImpl.useContextualLobCreation(LobCreatorBuilderImpl.java:113)
	at org.hibernate.engine.jdbc.env.internal.LobCreatorBuilderImpl.makeLobCreatorBuilder(LobCreatorBuilderImpl.java:54)
	at org.hibernate.engine.jdbc.env.internal.JdbcEnvironmentImpl.<init>(JdbcEnvironmentImpl.java:252)
	at org.hibernate.engine.jdbc.env.internal.JdbcEnvironmentInitiator.initiateService(JdbcEnvironmentInitiator.java:114)
	at org.hibernate.engine.jdbc.env.internal.JdbcEnvironmentInitiator.initiateService(JdbcEnvironmentInitiator.java:35)
	at org.hibernate.boot.registry.internal.StandardServiceRegistryImpl.initiateService(StandardServiceRegistryImpl.java:88)
	at org.hibernate.service.internal.AbstractServiceRegistryImpl.createService(AbstractServiceRegistryImpl.java:254)
	at org.hibernate.service.internal.AbstractServiceRegistryImpl.initializeService(AbstractServiceRegistryImpl.java:228)
	at org.hibernate.service.internal.AbstractServiceRegistryImpl.getService(AbstractServiceRegistryImpl.java:207)
	at org.hibernate.engine.jdbc.internal.JdbcServicesImpl.configure(JdbcServicesImpl.java:51)
	at org.hibernate.boot.registry.internal.StandardServiceRegistryImpl.configureService(StandardServiceRegistryImpl.java:94)
	at org.hibernate.service.internal.AbstractServiceRegistryImpl.initializeService(AbstractServiceRegistryImpl.java:237)
	at org.hibernate.service.internal.AbstractServiceRegistryImpl.getService(AbstractServiceRegistryImpl.java:207)
	at org.hibernate.boot.model.process.spi.MetadataBuildingProcess.handleTypes(MetadataBuildingProcess.java:352)
	at org.hibernate.boot.model.process.spi.MetadataBuildingProcess.complete(MetadataBuildingProcess.java:111)
	at org.hibernate.jpa.boot.internal.EntityManagerFactoryBuilderImpl.metadata(EntityManagerFactoryBuilderImpl.java:847)
	at org.hibernate.jpa.boot.internal.EntityManagerFactoryBuilderImpl.build(EntityManagerFactoryBuilderImpl.java:874)
	at org.springframework.orm.jpa.vendor.SpringHibernateJpaPersistenceProvider.createContainerEntityManagerFactory(SpringHibernateJpaPersistenceProvider.java:60)
	at org.springframework.orm.jpa.LocalContainerEntityManagerFactoryBean.createNativeEntityManagerFactory(LocalContainerEntityManagerFactoryBean.java:360)
	at org.springframework.orm.jpa.AbstractEntityManagerFactoryBean.buildNativeEntityManagerFactory(AbstractEntityManagerFactoryBean.java:384)
	at org.springframework.orm.jpa.AbstractEntityManagerFactoryBean.afterPropertiesSet(AbstractEntityManagerFactoryBean.java:371)
	at org.springframework.orm.jpa.LocalContainerEntityManagerFactoryBean.afterPropertiesSet(LocalContainerEntityManagerFactoryBean.java:336)
	at com.kt.iot.config.DataSourceConfiguration.entityManagerFactory(DataSourceConfiguration.java:163)
	at com.kt.iot.config.DataSourceConfiguration$$EnhancerBySpringCGLIB$$7b16323b.CGLIB$entityManagerFactory$2(<generated>)
	at com.kt.iot.config.DataSourceConfiguration$$EnhancerBySpringCGLIB$$7b16323b$$FastClassBySpringCGLIB$$c1b1ebda.invoke(<generated>)
	at org.springframework.cglib.proxy.MethodProxy.invokeSuper(MethodProxy.java:228)
	at org.springframework.context.annotation.ConfigurationClassEnhancer$BeanMethodInterceptor.intercept(ConfigurationClassEnhancer.java:358)
	at com.kt.iot.config.DataSourceConfiguration$$EnhancerBySpringCGLIB$$7b16323b.entityManagerFactory(<generated>)
	at sun.reflect.NativeMethodAccessorImpl.invoke0(Native Method)
	at sun.reflect.NativeMethodAccessorImpl.invoke(NativeMethodAccessorImpl.java:62)
	at sun.reflect.DelegatingMethodAccessorImpl.invoke(DelegatingMethodAccessorImpl.java:43)
	at java.lang.reflect.Method.invoke(Method.java:498)
	at org.springframework.beans.factory.support.SimpleInstantiationStrategy.instantiate(SimpleInstantiationStrategy.java:162)
	at org.springframework.beans.factory.support.ConstructorResolver.instantiateUsingFactoryMethod(ConstructorResolver.java:588)
	at org.springframework.beans.factory.support.AbstractAutowireCapableBeanFactory.instantiateUsingFactoryMethod(AbstractAutowireCapableBeanFactory.java:1177)
	at org.springframework.beans.factory.support.AbstractAutowireCapableBeanFactory.createBeanInstance(AbstractAutowireCapableBeanFactory.java:1072)
	at org.springframework.beans.factory.support.AbstractAutowireCapableBeanFactory.doCreateBean(AbstractAutowireCapableBeanFactory.java:511)
	at org.springframework.beans.factory.support.AbstractAutowireCapableBeanFactory.createBean(AbstractAutowireCapableBeanFactory.java:481)
	at org.springframework.beans.factory.support.AbstractBeanFactory$1.getObject(AbstractBeanFactory.java:312)
	at org.springframework.beans.factory.support.DefaultSingletonBeanRegistry.getSingleton(DefaultSingletonBeanRegistry.java:230)
	at org.springframework.beans.factory.support.AbstractBeanFactory.doGetBean(AbstractBeanFactory.java:308)
	at org.springframework.beans.factory.support.AbstractBeanFactory.getBean(AbstractBeanFactory.java:197)
	at org.springframework.context.support.AbstractApplicationContext.getBean(AbstractApplicationContext.java:1082)
	at org.springframework.context.support.AbstractApplicationContext.finishBeanFactoryInitialization(AbstractApplicationContext.java:857)
	at org.springframework.context.support.AbstractApplicationContext.refresh(AbstractApplicationContext.java:542)
	at org.springframework.boot.context.embedded.EmbeddedWebApplicationContext.refresh(EmbeddedWebApplicationContext.java:124)
	at org.springframework.boot.SpringApplication.refresh(SpringApplication.java:693)
	at org.springframework.boot.SpringApplication.refreshContext(SpringApplication.java:360)
	at org.springframework.boot.SpringApplication.run(SpringApplication.java:303)
	at org.springframework.boot.SpringApplication.run(SpringApplication.java:1118)
	at org.springframework.boot.SpringApplication.run(SpringApplication.java:1107)
	at com.kt.iot.master.MasterApiApplication.main(MasterApiApplication.java:112)
MasterAPI|API|HOST_NAME_IS_UNDEFINED|INFO|2019-05-17 11:45:04.307|2019-05-17|HOST_IP_IS_UNDEFINED|SELECT 1 
 {executed in 1 msec}
MasterAPI|API|HOST_NAME_IS_UNDEFINED|INFO|2019-05-17 11:45:04.308|2019-05-17|HOST_IP_IS_UNDEFINED|select relname from pg_class where relkind='S' 
 {executed in 1 msec}
MasterAPI|API|HOST_NAME_IS_UNDEFINED|INFO|2019-05-17 11:45:04.471|2019-05-17|HOST_IP_IS_UNDEFINED|SELECT 1 
 {executed in 0 msec}
MasterAPI|API|HOST_NAME_IS_UNDEFINED|INFO|2019-05-17 11:45:04.721|2019-05-17|HOST_IP_IS_UNDEFINED|SELECT 1 
 {executed in 1 msec}
MasterAPI|API|HOST_NAME_IS_UNDEFINED|ERROR|2019-05-17 11:45:04.726|2019-05-17|HOST_IP_IS_UNDEFINED|2. Connection.createClob()
java.sql.SQLFeatureNotSupportedException: Method org.postgresql.jdbc4.Jdbc4Connection.createClob() is not yet implemented.
	at org.postgresql.Driver.notImplemented(Driver.java:670)
	at org.postgresql.jdbc4.AbstractJdbc4Connection.createClob(AbstractJdbc4Connection.java:61)
	at org.postgresql.jdbc4.Jdbc4Connection.createClob(Jdbc4Connection.java:21)
	at net.sf.log4jdbc.ConnectionSpy.createClob(ConnectionSpy.java:495)
	at org.apache.commons.dbcp2.DelegatingConnection.createClob(DelegatingConnection.java:868)
	at org.apache.commons.dbcp2.DelegatingConnection.createClob(DelegatingConnection.java:868)
	at sun.reflect.NativeMethodAccessorImpl.invoke0(Native Method)
	at sun.reflect.NativeMethodAccessorImpl.invoke(NativeMethodAccessorImpl.java:62)
	at sun.reflect.DelegatingMethodAccessorImpl.invoke(DelegatingMethodAccessorImpl.java:43)
	at java.lang.reflect.Method.invoke(Method.java:498)
	at org.hibernate.engine.jdbc.env.internal.LobCreatorBuilderImpl.useContextualLobCreation(LobCreatorBuilderImpl.java:113)
	at org.hibernate.engine.jdbc.env.internal.LobCreatorBuilderImpl.makeLobCreatorBuilder(LobCreatorBuilderImpl.java:54)
	at org.hibernate.engine.jdbc.env.internal.JdbcEnvironmentImpl.<init>(JdbcEnvironmentImpl.java:252)
	at org.hibernate.engine.jdbc.env.internal.JdbcEnvironmentInitiator.initiateService(JdbcEnvironmentInitiator.java:114)
	at org.hibernate.engine.jdbc.env.internal.JdbcEnvironmentInitiator.initiateService(JdbcEnvironmentInitiator.java:35)
	at org.hibernate.boot.registry.internal.StandardServiceRegistryImpl.initiateService(StandardServiceRegistryImpl.java:88)
	at org.hibernate.service.internal.AbstractServiceRegistryImpl.createService(AbstractServiceRegistryImpl.java:254)
	at org.hibernate.service.internal.AbstractServiceRegistryImpl.initializeService(AbstractServiceRegistryImpl.java:228)
	at org.hibernate.service.internal.AbstractServiceRegistryImpl.getService(AbstractServiceRegistryImpl.java:207)
	at org.hibernate.engine.jdbc.internal.JdbcServicesImpl.configure(JdbcServicesImpl.java:51)
	at org.hibernate.boot.registry.internal.StandardServiceRegistryImpl.configureService(StandardServiceRegistryImpl.java:94)
	at org.hibernate.service.internal.AbstractServiceRegistryImpl.initializeService(AbstractServiceRegistryImpl.java:237)
	at org.hibernate.service.internal.AbstractServiceRegistryImpl.getService(AbstractServiceRegistryImpl.java:207)
	at org.hibernate.boot.model.process.spi.MetadataBuildingProcess.handleTypes(MetadataBuildingProcess.java:352)
	at org.hibernate.boot.model.process.spi.MetadataBuildingProcess.complete(MetadataBuildingProcess.java:111)
	at org.hibernate.jpa.boot.internal.EntityManagerFactoryBuilderImpl.metadata(EntityManagerFactoryBuilderImpl.java:847)
	at org.hibernate.jpa.boot.internal.EntityManagerFactoryBuilderImpl.build(EntityManagerFactoryBuilderImpl.java:874)
	at org.springframework.orm.jpa.vendor.SpringHibernateJpaPersistenceProvider.createContainerEntityManagerFactory(SpringHibernateJpaPersistenceProvider.java:60)
	at org.springframework.orm.jpa.LocalContainerEntityManagerFactoryBean.createNativeEntityManagerFactory(LocalContainerEntityManagerFactoryBean.java:360)
	at org.springframework.orm.jpa.AbstractEntityManagerFactoryBean.buildNativeEntityManagerFactory(AbstractEntityManagerFactoryBean.java:384)
	at org.springframework.orm.jpa.AbstractEntityManagerFactoryBean.afterPropertiesSet(AbstractEntityManagerFactoryBean.java:371)
	at org.springframework.orm.jpa.LocalContainerEntityManagerFactoryBean.afterPropertiesSet(LocalContainerEntityManagerFactoryBean.java:336)
	at org.springframework.beans.factory.support.AbstractAutowireCapableBeanFactory.invokeInitMethods(AbstractAutowireCapableBeanFactory.java:1688)
	at org.springframework.beans.factory.support.AbstractAutowireCapableBeanFactory.initializeBean(AbstractAutowireCapableBeanFactory.java:1626)
	at org.springframework.beans.factory.support.AbstractAutowireCapableBeanFactory.doCreateBean(AbstractAutowireCapableBeanFactory.java:553)
	at org.springframework.beans.factory.support.AbstractAutowireCapableBeanFactory.createBean(AbstractAutowireCapableBeanFactory.java:481)
	at org.springframework.beans.factory.support.AbstractBeanFactory$1.getObject(AbstractBeanFactory.java:312)
	at org.springframework.beans.factory.support.DefaultSingletonBeanRegistry.getSingleton(DefaultSingletonBeanRegistry.java:230)
	at org.springframework.beans.factory.support.AbstractBeanFactory.doGetBean(AbstractBeanFactory.java:308)
	at org.springframework.beans.factory.support.AbstractBeanFactory.getBean(AbstractBeanFactory.java:197)
	at org.springframework.context.support.AbstractApplicationContext.getBean(AbstractApplicationContext.java:1082)
	at org.springframework.context.support.AbstractApplicationContext.finishBeanFactoryInitialization(AbstractApplicationContext.java:857)
	at org.springframework.context.support.AbstractApplicationContext.refresh(AbstractApplicationContext.java:542)
	at org.springframework.boot.context.embedded.EmbeddedWebApplicationContext.refresh(EmbeddedWebApplicationContext.java:124)
	at org.springframework.boot.SpringApplication.refresh(SpringApplication.java:693)
	at org.springframework.boot.SpringApplication.refreshContext(SpringApplication.java:360)
	at org.springframework.boot.SpringApplication.run(SpringApplication.java:303)
	at org.springframework.boot.SpringApplication.run(SpringApplication.java:1118)
	at org.springframework.boot.SpringApplication.run(SpringApplication.java:1107)
	at com.kt.iot.master.MasterApiApplication.main(MasterApiApplication.java:112)
MasterAPI|API|HOST_NAME_IS_UNDEFINED|INFO|2019-05-17 11:45:04.746|2019-05-17|HOST_IP_IS_UNDEFINED|SELECT 1 
 {executed in 0 msec}
MasterAPI|API|HOST_NAME_IS_UNDEFINED|INFO|2019-05-17 11:45:04.746|2019-05-17|HOST_IP_IS_UNDEFINED|select relname from pg_class where relkind='S' 
 {executed in 0 msec}
MasterAPI|API|HOST_NAME_IS_UNDEFINED|INFO|2019-05-17 11:45:04.747|2019-05-17|HOST_IP_IS_UNDEFINED|SELECT 1 
 {executed in 1 msec}
MasterAPI|API|HOST_NAME_IS_UNDEFINED|INFO|2019-05-17 11:45:40.959|2019-05-17|HOST_IP_IS_UNDEFINED|SELECT 1 
 {executed in 1 msec}
MasterAPI|API|HOST_NAME_IS_UNDEFINED|INFO|2019-05-17 11:45:40.965|2019-05-17|HOST_IP_IS_UNDEFINED|select msdevice0_.svc_dev_seq as svc_dev_1_1_, msdevice0_.svc_tgt_seq as svc_tgt_2_1_, msdevice0_.gw_cnct_id 
as gw_cnct_3_1_, msdevice0_.cretr_id as cretr_id4_1_, msdevice0_.del_yn as del_yn5_1_, msdevice0_.dev_model_seq 
as dev_mode6_1_, msdevice0_.spot_dev_id as spot_dev7_1_ from spot_dev_bas msdevice0_ where 
msdevice0_.spot_dev_id='SHRoomLight' and msdevice0_.gw_cnct_id='OPEN_HTTP_001PTL001_1000000346' 
and msdevice0_.del_yn='N' 
 {executed in 3 msec}
MasterAPI|API|HOST_NAME_IS_UNDEFINED|INFO|2019-05-17 11:46:38.209|2019-05-17|HOST_IP_IS_UNDEFINED|SELECT 1 
 {executed in 7 msec}
MasterAPI|API|HOST_NAME_IS_UNDEFINED|INFO|2019-05-17 11:46:38.380|2019-05-17|HOST_IP_IS_UNDEFINED|SELECT 1 
 {executed in 0 msec}
MasterAPI|API|HOST_NAME_IS_UNDEFINED|ERROR|2019-05-17 11:46:38.544|2019-05-17|HOST_IP_IS_UNDEFINED|2. Connection.createClob()
java.sql.SQLFeatureNotSupportedException: Method org.postgresql.jdbc4.Jdbc4Connection.createClob() is not yet implemented.
	at org.postgresql.Driver.notImplemented(Driver.java:670)
	at org.postgresql.jdbc4.AbstractJdbc4Connection.createClob(AbstractJdbc4Connection.java:61)
	at org.postgresql.jdbc4.Jdbc4Connection.createClob(Jdbc4Connection.java:21)
	at net.sf.log4jdbc.ConnectionSpy.createClob(ConnectionSpy.java:495)
	at org.apache.commons.dbcp2.DelegatingConnection.createClob(DelegatingConnection.java:868)
	at org.apache.commons.dbcp2.DelegatingConnection.createClob(DelegatingConnection.java:868)
	at sun.reflect.NativeMethodAccessorImpl.invoke0(Native Method)
	at sun.reflect.NativeMethodAccessorImpl.invoke(NativeMethodAccessorImpl.java:62)
	at sun.reflect.DelegatingMethodAccessorImpl.invoke(DelegatingMethodAccessorImpl.java:43)
	at java.lang.reflect.Method.invoke(Method.java:498)
	at org.hibernate.engine.jdbc.env.internal.LobCreatorBuilderImpl.useContextualLobCreation(LobCreatorBuilderImpl.java:113)
	at org.hibernate.engine.jdbc.env.internal.LobCreatorBuilderImpl.makeLobCreatorBuilder(LobCreatorBuilderImpl.java:54)
	at org.hibernate.engine.jdbc.env.internal.JdbcEnvironmentImpl.<init>(JdbcEnvironmentImpl.java:252)
	at org.hibernate.engine.jdbc.env.internal.JdbcEnvironmentInitiator.initiateService(JdbcEnvironmentInitiator.java:114)
	at org.hibernate.engine.jdbc.env.internal.JdbcEnvironmentInitiator.initiateService(JdbcEnvironmentInitiator.java:35)
	at org.hibernate.boot.registry.internal.StandardServiceRegistryImpl.initiateService(StandardServiceRegistryImpl.java:88)
	at org.hibernate.service.internal.AbstractServiceRegistryImpl.createService(AbstractServiceRegistryImpl.java:254)
	at org.hibernate.service.internal.AbstractServiceRegistryImpl.initializeService(AbstractServiceRegistryImpl.java:228)
	at org.hibernate.service.internal.AbstractServiceRegistryImpl.getService(AbstractServiceRegistryImpl.java:207)
	at org.hibernate.engine.jdbc.internal.JdbcServicesImpl.configure(JdbcServicesImpl.java:51)
	at org.hibernate.boot.registry.internal.StandardServiceRegistryImpl.configureService(StandardServiceRegistryImpl.java:94)
	at org.hibernate.service.internal.AbstractServiceRegistryImpl.initializeService(AbstractServiceRegistryImpl.java:237)
	at org.hibernate.service.internal.AbstractServiceRegistryImpl.getService(AbstractServiceRegistryImpl.java:207)
	at org.hibernate.boot.model.process.spi.MetadataBuildingProcess.handleTypes(MetadataBuildingProcess.java:352)
	at org.hibernate.boot.model.process.spi.MetadataBuildingProcess.complete(MetadataBuildingProcess.java:111)
	at org.hibernate.jpa.boot.internal.EntityManagerFactoryBuilderImpl.metadata(EntityManagerFactoryBuilderImpl.java:847)
	at org.hibernate.jpa.boot.internal.EntityManagerFactoryBuilderImpl.build(EntityManagerFactoryBuilderImpl.java:874)
	at org.springframework.orm.jpa.vendor.SpringHibernateJpaPersistenceProvider.createContainerEntityManagerFactory(SpringHibernateJpaPersistenceProvider.java:60)
	at org.springframework.orm.jpa.LocalContainerEntityManagerFactoryBean.createNativeEntityManagerFactory(LocalContainerEntityManagerFactoryBean.java:360)
	at org.springframework.orm.jpa.AbstractEntityManagerFactoryBean.buildNativeEntityManagerFactory(AbstractEntityManagerFactoryBean.java:384)
	at org.springframework.orm.jpa.AbstractEntityManagerFactoryBean.afterPropertiesSet(AbstractEntityManagerFactoryBean.java:371)
	at org.springframework.orm.jpa.LocalContainerEntityManagerFactoryBean.afterPropertiesSet(LocalContainerEntityManagerFactoryBean.java:336)
	at com.kt.iot.config.DataSourceConfiguration.entityManagerFactory(DataSourceConfiguration.java:163)
	at com.kt.iot.config.DataSourceConfiguration$$EnhancerBySpringCGLIB$$d5b0ce9a.CGLIB$entityManagerFactory$3(<generated>)
	at com.kt.iot.config.DataSourceConfiguration$$EnhancerBySpringCGLIB$$d5b0ce9a$$FastClassBySpringCGLIB$$b2de005.invoke(<generated>)
	at org.springframework.cglib.proxy.MethodProxy.invokeSuper(MethodProxy.java:228)
	at org.springframework.context.annotation.ConfigurationClassEnhancer$BeanMethodInterceptor.intercept(ConfigurationClassEnhancer.java:358)
	at com.kt.iot.config.DataSourceConfiguration$$EnhancerBySpringCGLIB$$d5b0ce9a.entityManagerFactory(<generated>)
	at sun.reflect.NativeMethodAccessorImpl.invoke0(Native Method)
	at sun.reflect.NativeMethodAccessorImpl.invoke(NativeMethodAccessorImpl.java:62)
	at sun.reflect.DelegatingMethodAccessorImpl.invoke(DelegatingMethodAccessorImpl.java:43)
	at java.lang.reflect.Method.invoke(Method.java:498)
	at org.springframework.beans.factory.support.SimpleInstantiationStrategy.instantiate(SimpleInstantiationStrategy.java:162)
	at org.springframework.beans.factory.support.ConstructorResolver.instantiateUsingFactoryMethod(ConstructorResolver.java:588)
	at org.springframework.beans.factory.support.AbstractAutowireCapableBeanFactory.instantiateUsingFactoryMethod(AbstractAutowireCapableBeanFactory.java:1177)
	at org.springframework.beans.factory.support.AbstractAutowireCapableBeanFactory.createBeanInstance(AbstractAutowireCapableBeanFactory.java:1072)
	at org.springframework.beans.factory.support.AbstractAutowireCapableBeanFactory.doCreateBean(AbstractAutowireCapableBeanFactory.java:511)
	at org.springframework.beans.factory.support.AbstractAutowireCapableBeanFactory.createBean(AbstractAutowireCapableBeanFactory.java:481)
	at org.springframework.beans.factory.support.AbstractBeanFactory$1.getObject(AbstractBeanFactory.java:312)
	at org.springframework.beans.factory.support.DefaultSingletonBeanRegistry.getSingleton(DefaultSingletonBeanRegistry.java:230)
	at org.springframework.beans.factory.support.AbstractBeanFactory.doGetBean(AbstractBeanFactory.java:308)
	at org.springframework.beans.factory.support.AbstractBeanFactory.getBean(AbstractBeanFactory.java:197)
	at org.springframework.context.support.AbstractApplicationContext.getBean(AbstractApplicationContext.java:1082)
	at org.springframework.context.support.AbstractApplicationContext.finishBeanFactoryInitialization(AbstractApplicationContext.java:857)
	at org.springframework.context.support.AbstractApplicationContext.refresh(AbstractApplicationContext.java:542)
	at org.springframework.boot.context.embedded.EmbeddedWebApplicationContext.refresh(EmbeddedWebApplicationContext.java:124)
	at org.springframework.boot.SpringApplication.refresh(SpringApplication.java:693)
	at org.springframework.boot.SpringApplication.refreshContext(SpringApplication.java:360)
	at org.springframework.boot.SpringApplication.run(SpringApplication.java:303)
	at org.springframework.boot.SpringApplication.run(SpringApplication.java:1118)
	at org.springframework.boot.SpringApplication.run(SpringApplication.java:1107)
	at com.kt.iot.master.MasterApiApplication.main(MasterApiApplication.java:112)
MasterAPI|API|HOST_NAME_IS_UNDEFINED|INFO|2019-05-17 11:46:38.918|2019-05-17|HOST_IP_IS_UNDEFINED|SELECT 1 
 {executed in 2 msec}
MasterAPI|API|HOST_NAME_IS_UNDEFINED|INFO|2019-05-17 11:46:38.919|2019-05-17|HOST_IP_IS_UNDEFINED|select relname from pg_class where relkind='S' 
 {executed in 1 msec}
MasterAPI|API|HOST_NAME_IS_UNDEFINED|INFO|2019-05-17 11:46:38.982|2019-05-17|HOST_IP_IS_UNDEFINED|SELECT 1 
 {executed in 0 msec}
MasterAPI|API|HOST_NAME_IS_UNDEFINED|INFO|2019-05-17 11:46:39.230|2019-05-17|HOST_IP_IS_UNDEFINED|SELECT 1 
 {executed in 1 msec}
MasterAPI|API|HOST_NAME_IS_UNDEFINED|ERROR|2019-05-17 11:46:39.234|2019-05-17|HOST_IP_IS_UNDEFINED|2. Connection.createClob()
java.sql.SQLFeatureNotSupportedException: Method org.postgresql.jdbc4.Jdbc4Connection.createClob() is not yet implemented.
	at org.postgresql.Driver.notImplemented(Driver.java:670)
	at org.postgresql.jdbc4.AbstractJdbc4Connection.createClob(AbstractJdbc4Connection.java:61)
	at org.postgresql.jdbc4.Jdbc4Connection.createClob(Jdbc4Connection.java:21)
	at net.sf.log4jdbc.ConnectionSpy.createClob(ConnectionSpy.java:495)
	at org.apache.commons.dbcp2.DelegatingConnection.createClob(DelegatingConnection.java:868)
	at org.apache.commons.dbcp2.DelegatingConnection.createClob(DelegatingConnection.java:868)
	at sun.reflect.NativeMethodAccessorImpl.invoke0(Native Method)
	at sun.reflect.NativeMethodAccessorImpl.invoke(NativeMethodAccessorImpl.java:62)
	at sun.reflect.DelegatingMethodAccessorImpl.invoke(DelegatingMethodAccessorImpl.java:43)
	at java.lang.reflect.Method.invoke(Method.java:498)
	at org.hibernate.engine.jdbc.env.internal.LobCreatorBuilderImpl.useContextualLobCreation(LobCreatorBuilderImpl.java:113)
	at org.hibernate.engine.jdbc.env.internal.LobCreatorBuilderImpl.makeLobCreatorBuilder(LobCreatorBuilderImpl.java:54)
	at org.hibernate.engine.jdbc.env.internal.JdbcEnvironmentImpl.<init>(JdbcEnvironmentImpl.java:252)
	at org.hibernate.engine.jdbc.env.internal.JdbcEnvironmentInitiator.initiateService(JdbcEnvironmentInitiator.java:114)
	at org.hibernate.engine.jdbc.env.internal.JdbcEnvironmentInitiator.initiateService(JdbcEnvironmentInitiator.java:35)
	at org.hibernate.boot.registry.internal.StandardServiceRegistryImpl.initiateService(StandardServiceRegistryImpl.java:88)
	at org.hibernate.service.internal.AbstractServiceRegistryImpl.createService(AbstractServiceRegistryImpl.java:254)
	at org.hibernate.service.internal.AbstractServiceRegistryImpl.initializeService(AbstractServiceRegistryImpl.java:228)
	at org.hibernate.service.internal.AbstractServiceRegistryImpl.getService(AbstractServiceRegistryImpl.java:207)
	at org.hibernate.engine.jdbc.internal.JdbcServicesImpl.configure(JdbcServicesImpl.java:51)
	at org.hibernate.boot.registry.internal.StandardServiceRegistryImpl.configureService(StandardServiceRegistryImpl.java:94)
	at org.hibernate.service.internal.AbstractServiceRegistryImpl.initializeService(AbstractServiceRegistryImpl.java:237)
	at org.hibernate.service.internal.AbstractServiceRegistryImpl.getService(AbstractServiceRegistryImpl.java:207)
	at org.hibernate.boot.model.process.spi.MetadataBuildingProcess.handleTypes(MetadataBuildingProcess.java:352)
	at org.hibernate.boot.model.process.spi.MetadataBuildingProcess.complete(MetadataBuildingProcess.java:111)
	at org.hibernate.jpa.boot.internal.EntityManagerFactoryBuilderImpl.metadata(EntityManagerFactoryBuilderImpl.java:847)
	at org.hibernate.jpa.boot.internal.EntityManagerFactoryBuilderImpl.build(EntityManagerFactoryBuilderImpl.java:874)
	at org.springframework.orm.jpa.vendor.SpringHibernateJpaPersistenceProvider.createContainerEntityManagerFactory(SpringHibernateJpaPersistenceProvider.java:60)
	at org.springframework.orm.jpa.LocalContainerEntityManagerFactoryBean.createNativeEntityManagerFactory(LocalContainerEntityManagerFactoryBean.java:360)
	at org.springframework.orm.jpa.AbstractEntityManagerFactoryBean.buildNativeEntityManagerFactory(AbstractEntityManagerFactoryBean.java:384)
	at org.springframework.orm.jpa.AbstractEntityManagerFactoryBean.afterPropertiesSet(AbstractEntityManagerFactoryBean.java:371)
	at org.springframework.orm.jpa.LocalContainerEntityManagerFactoryBean.afterPropertiesSet(LocalContainerEntityManagerFactoryBean.java:336)
	at org.springframework.beans.factory.support.AbstractAutowireCapableBeanFactory.invokeInitMethods(AbstractAutowireCapableBeanFactory.java:1688)
	at org.springframework.beans.factory.support.AbstractAutowireCapableBeanFactory.initializeBean(AbstractAutowireCapableBeanFactory.java:1626)
	at org.springframework.beans.factory.support.AbstractAutowireCapableBeanFactory.doCreateBean(AbstractAutowireCapableBeanFactory.java:553)
	at org.springframework.beans.factory.support.AbstractAutowireCapableBeanFactory.createBean(AbstractAutowireCapableBeanFactory.java:481)
	at org.springframework.beans.factory.support.AbstractBeanFactory$1.getObject(AbstractBeanFactory.java:312)
	at org.springframework.beans.factory.support.DefaultSingletonBeanRegistry.getSingleton(DefaultSingletonBeanRegistry.java:230)
	at org.springframework.beans.factory.support.AbstractBeanFactory.doGetBean(AbstractBeanFactory.java:308)
	at org.springframework.beans.factory.support.AbstractBeanFactory.getBean(AbstractBeanFactory.java:197)
	at org.springframework.context.support.AbstractApplicationContext.getBean(AbstractApplicationContext.java:1082)
	at org.springframework.context.support.AbstractApplicationContext.finishBeanFactoryInitialization(AbstractApplicationContext.java:857)
	at org.springframework.context.support.AbstractApplicationContext.refresh(AbstractApplicationContext.java:542)
	at org.springframework.boot.context.embedded.EmbeddedWebApplicationContext.refresh(EmbeddedWebApplicationContext.java:124)
	at org.springframework.boot.SpringApplication.refresh(SpringApplication.java:693)
	at org.springframework.boot.SpringApplication.refreshContext(SpringApplication.java:360)
	at org.springframework.boot.SpringApplication.run(SpringApplication.java:303)
	at org.springframework.boot.SpringApplication.run(SpringApplication.java:1118)
	at org.springframework.boot.SpringApplication.run(SpringApplication.java:1107)
	at com.kt.iot.master.MasterApiApplication.main(MasterApiApplication.java:112)
MasterAPI|API|HOST_NAME_IS_UNDEFINED|INFO|2019-05-17 11:46:39.255|2019-05-17|HOST_IP_IS_UNDEFINED|SELECT 1 
 {executed in 0 msec}
MasterAPI|API|HOST_NAME_IS_UNDEFINED|INFO|2019-05-17 11:46:39.256|2019-05-17|HOST_IP_IS_UNDEFINED|select relname from pg_class where relkind='S' 
 {executed in 0 msec}
MasterAPI|API|HOST_NAME_IS_UNDEFINED|INFO|2019-05-17 11:46:39.256|2019-05-17|HOST_IP_IS_UNDEFINED|SELECT 1 
 {executed in 0 msec}
MasterAPI|API|HOST_NAME_IS_UNDEFINED|INFO|2019-05-17 11:46:45.820|2019-05-17|HOST_IP_IS_UNDEFINED|SELECT 1 
 {executed in 1 msec}
MasterAPI|API|HOST_NAME_IS_UNDEFINED|INFO|2019-05-17 11:46:45.825|2019-05-17|HOST_IP_IS_UNDEFINED|select msdevice0_.svc_dev_seq as svc_dev_1_1_, msdevice0_.svc_tgt_seq as svc_tgt_2_1_, msdevice0_.gw_cnct_id 
as gw_cnct_3_1_, msdevice0_.cretr_id as cretr_id4_1_, msdevice0_.del_yn as del_yn5_1_, msdevice0_.dev_model_seq 
as dev_mode6_1_, msdevice0_.spot_dev_id as spot_dev7_1_ from spot_dev_bas msdevice0_ where 
msdevice0_.spot_dev_id='SHRoomLight' and msdevice0_.gw_cnct_id='OPEN_HTTP_001PTL001_1000000346' 
and msdevice0_.del_yn='N' 
 {executed in 2 msec}
MasterAPI|API|HOST_NAME_IS_UNDEFINED|INFO|2019-05-17 11:47:37.285|2019-05-17|HOST_IP_IS_UNDEFINED|SELECT 1 
 {executed in 2 msec}
MasterAPI|API|HOST_NAME_IS_UNDEFINED|INFO|2019-05-17 11:47:37.308|2019-05-17|HOST_IP_IS_UNDEFINED|select msdevice0_.svc_dev_seq as svc_dev_1_1_, msdevice0_.svc_tgt_seq as svc_tgt_2_1_, msdevice0_.gw_cnct_id 
as gw_cnct_3_1_, msdevice0_.cretr_id as cretr_id4_1_, msdevice0_.del_yn as del_yn5_1_, msdevice0_.dev_model_seq 
as dev_mode6_1_, msdevice0_.spot_dev_id as spot_dev7_1_ from spot_dev_bas msdevice0_ where 
msdevice0_.spot_dev_id='SHRoomLight' and msdevice0_.gw_cnct_id='OPEN_HTTP_001PTL001_1000000346' 
and msdevice0_.del_yn='N' 
 {executed in 11 msec}
MasterAPI|API|HOST_NAME_IS_UNDEFINED|INFO|2019-05-17 12:16:38.222|2019-05-17|HOST_IP_IS_UNDEFINED|SELECT 1 
 {executed in 1 msec}
MasterAPI|API|HOST_NAME_IS_UNDEFINED|INFO|2019-05-17 12:16:38.222|2019-05-17|HOST_IP_IS_UNDEFINED|SELECT 1 
 {executed in 0 msec}
MasterAPI|API|HOST_NAME_IS_UNDEFINED|INFO|2019-05-17 14:27:08.185|2019-05-17|HOST_IP_IS_UNDEFINED|SELECT 1 
 {executed in 3 msec}
MasterAPI|API|HOST_NAME_IS_UNDEFINED|INFO|2019-05-17 14:27:08.210|2019-05-17|HOST_IP_IS_UNDEFINED|select msdevice0_.svc_dev_seq as svc_dev_1_1_, msdevice0_.svc_tgt_seq as svc_tgt_2_1_, msdevice0_.gw_cnct_id 
as gw_cnct_3_1_, msdevice0_.cretr_id as cretr_id4_1_, msdevice0_.del_yn as del_yn5_1_, msdevice0_.dev_model_seq 
as dev_mode6_1_, msdevice0_.spot_dev_id as spot_dev7_1_ from spot_dev_bas msdevice0_ where 
msdevice0_.spot_dev_id='SHRoomLight' and msdevice0_.gw_cnct_id='OPEN_HTTP_001PTL001_1000000346' 
and msdevice0_.del_yn='N' 
 {executed in 12 msec}
MasterAPI|API|HOST_NAME_IS_UNDEFINED|INFO|2019-05-17 14:27:16.073|2019-05-17|HOST_IP_IS_UNDEFINED|SELECT 1 
 {executed in 2 msec}
MasterAPI|API|HOST_NAME_IS_UNDEFINED|INFO|2019-05-17 14:27:16.095|2019-05-17|HOST_IP_IS_UNDEFINED|select msdevice0_.svc_dev_seq as svc_dev_1_1_, msdevice0_.svc_tgt_seq as svc_tgt_2_1_, msdevice0_.gw_cnct_id 
as gw_cnct_3_1_, msdevice0_.cretr_id as cretr_id4_1_, msdevice0_.del_yn as del_yn5_1_, msdevice0_.dev_model_seq 
as dev_mode6_1_, msdevice0_.spot_dev_id as spot_dev7_1_ from spot_dev_bas msdevice0_ where 
msdevice0_.spot_dev_id='SHRoomLight' and msdevice0_.gw_cnct_id='OPEN_HTTP_001PTL001_1000000346' 
and msdevice0_.del_yn='N' 
 {executed in 10 msec}
MasterAPI|API|HOST_NAME_IS_UNDEFINED|INFO|2019-05-17 14:27:31.758|2019-05-17|HOST_IP_IS_UNDEFINED|SELECT 1 
 {executed in 2 msec}
MasterAPI|API|HOST_NAME_IS_UNDEFINED|INFO|2019-05-17 14:27:31.780|2019-05-17|HOST_IP_IS_UNDEFINED|select msdevice0_.svc_dev_seq as svc_dev_1_1_, msdevice0_.svc_tgt_seq as svc_tgt_2_1_, msdevice0_.gw_cnct_id 
as gw_cnct_3_1_, msdevice0_.cretr_id as cretr_id4_1_, msdevice0_.del_yn as del_yn5_1_, msdevice0_.dev_model_seq 
as dev_mode6_1_, msdevice0_.spot_dev_id as spot_dev7_1_ from spot_dev_bas msdevice0_ where 
msdevice0_.spot_dev_id='SHRoomLight' and msdevice0_.gw_cnct_id='OPEN_HTTP_001PTL001_1000000346' 
and msdevice0_.del_yn='N' 
 {executed in 11 msec}
MasterAPI|API|HOST_NAME_IS_UNDEFINED|INFO|2019-05-17 14:28:02.789|2019-05-17|HOST_IP_IS_UNDEFINED|SELECT 1 
 {executed in 1 msec}
MasterAPI|API|HOST_NAME_IS_UNDEFINED|INFO|2019-05-17 14:28:02.869|2019-05-17|HOST_IP_IS_UNDEFINED|SELECT 1 
 {executed in 1 msec}
MasterAPI|API|HOST_NAME_IS_UNDEFINED|INFO|2019-05-17 14:28:02.883|2019-05-17|HOST_IP_IS_UNDEFINED|select count(*) as col_0_0_ from svc_tgt_bas target0_ where target0_.svc_tgt_seq=1005 
 {executed in 4 msec}
MasterAPI|API|HOST_NAME_IS_UNDEFINED|INFO|2019-05-17 14:28:02.887|2019-05-17|HOST_IP_IS_UNDEFINED|SELECT 1 
 {executed in 0 msec}
MasterAPI|API|HOST_NAME_IS_UNDEFINED|INFO|2019-05-17 14:28:02.891|2019-05-17|HOST_IP_IS_UNDEFINED|select count(*) as col_0_0_ from dev_model_bas devicemode0_ where devicemode0_.dev_model_seq=1000000622 
 {executed in 1 msec}
MasterAPI|API|HOST_NAME_IS_UNDEFINED|INFO|2019-05-17 14:28:02.894|2019-05-17|HOST_IP_IS_UNDEFINED|select msdevice0_.svc_dev_seq as svc_dev_1_1_, msdevice0_.svc_tgt_seq as svc_tgt_2_1_, msdevice0_.gw_cnct_id 
as gw_cnct_3_1_, msdevice0_.cretr_id as cretr_id4_1_, msdevice0_.del_yn as del_yn5_1_, msdevice0_.dev_model_seq 
as dev_mode6_1_, msdevice0_.spot_dev_id as spot_dev7_1_ from spot_dev_bas msdevice0_ where 
msdevice0_.spot_dev_id='SHRoomLight' and msdevice0_.gw_cnct_id='OPEN_HTTP_001PTL001_1000000346' 
and msdevice0_.del_yn='N' 
 {executed in 1 msec}
MasterAPI|API|HOST_NAME_IS_UNDEFINED|INFO|2019-05-17 14:28:02.899|2019-05-17|HOST_IP_IS_UNDEFINED|select msdevice0_.svc_dev_seq as svc_dev_1_1_, msdevice0_.svc_tgt_seq as svc_tgt_2_1_, msdevice0_.gw_cnct_id 
as gw_cnct_3_1_, msdevice0_.cretr_id as cretr_id4_1_, msdevice0_.del_yn as del_yn5_1_, msdevice0_.dev_model_seq 
as dev_mode6_1_, msdevice0_.spot_dev_id as spot_dev7_1_ from spot_dev_bas msdevice0_ where 
msdevice0_.svc_tgt_seq=1005 order by msdevice0_.svc_dev_seq asc 
 {executed in 1 msec}
MasterAPI|API|HOST_NAME_IS_UNDEFINED|INFO|2019-05-17 14:28:02.900|2019-05-17|HOST_IP_IS_UNDEFINED|SELECT 1 
 {executed in 1 msec}
MasterAPI|API|HOST_NAME_IS_UNDEFINED|INFO|2019-05-17 14:28:02.908|2019-05-17|HOST_IP_IS_UNDEFINED|select count(*) as col_0_0_ from spot_dev_bas msdevice0_ where msdevice0_.svc_dev_seq=1 and 
msdevice0_.svc_tgt_seq=1005 
 {executed in 0 msec}
MasterAPI|API|HOST_NAME_IS_UNDEFINED|INFO|2019-05-17 14:28:02.910|2019-05-17|HOST_IP_IS_UNDEFINED|SELECT 1 
 {executed in 0 msec}
MasterAPI|API|HOST_NAME_IS_UNDEFINED|INFO|2019-05-17 14:28:02.924|2019-05-17|HOST_IP_IS_UNDEFINED|select msdevice0_.svc_dev_seq as svc_dev_1_1_0_, msdevice0_.svc_tgt_seq as svc_tgt_2_1_0_, 
msdevice0_.gw_cnct_id as gw_cnct_3_1_0_, msdevice0_.cretr_id as cretr_id4_1_0_, msdevice0_.del_yn 
as del_yn5_1_0_, msdevice0_.dev_model_seq as dev_mode6_1_0_, msdevice0_.spot_dev_id as spot_dev7_1_0_ 
from spot_dev_bas msdevice0_ where msdevice0_.svc_dev_seq=1 and msdevice0_.svc_tgt_seq=1005 
 {executed in 0 msec}
MasterAPI|API|HOST_NAME_IS_UNDEFINED|INFO|2019-05-17 14:28:02.930|2019-05-17|HOST_IP_IS_UNDEFINED|select devicemode0_.dev_model_seq as dev_mode1_0_0_, devicemode0_.bind_type_cd as bind_typ2_0_0_, 
devicemode0_.cret_dt as cret_dt3_0_0_, devicemode0_.cretr_id as cretr_id4_0_0_, devicemode0_.district_cd 
as district5_0_0_, devicemode0_.dev_model_cd as dev_mode6_0_0_, devicemode0_.terml_makr_nm 
as terml_ma7_0_0_, devicemode0_.amdr_dt as amdr_dt8_0_0_, devicemode0_.amdr_id as amdr_id9_0_0_, 
devicemode0_.dev_model_nm as dev_mod10_0_0_, devicemode0_.dev_model_parent as dev_mod11_0_0_, 
devicemode0_.prot_type as prot_ty12_0_0_, devicemode0_.svc_cd as svc_cd13_0_0_, devicemode0_.them_cd 
as them_cd14_0_0_, devicemode0_.dev_type_cd as dev_typ15_0_0_ from dev_model_bas devicemode0_ 
where devicemode0_.dev_model_seq=1000000622 
 {executed in 1 msec}
MasterAPI|API|HOST_NAME_IS_UNDEFINED|INFO|2019-05-17 14:28:02.943|2019-05-17|HOST_IP_IS_UNDEFINED|select target0_.svc_tgt_seq as svc_tgt_1_2_0_, target0_.svc_creator as svc_crea2_2_0_, target0_.svc_dist_cd 
as svc_dist3_2_0_, target0_.id as id4_2_0_, target0_.svc_cd as svc_cd5_2_0_, target0_.svc_thme_cd 
as svc_thme6_2_0_ from svc_tgt_bas target0_ where target0_.svc_tgt_seq=1005 
 {executed in 0 msec}
MasterAPI|API|HOST_NAME_IS_UNDEFINED|INFO|2019-05-17 14:28:02.965|2019-05-17|HOST_IP_IS_UNDEFINED|insert into spot_dev_bas (gw_cnct_id, cretr_id, del_yn, dev_model_seq, spot_dev_id, svc_dev_seq, 
svc_tgt_seq) values ('OPEN_HTTP_001PTL001_1000000346', 10150553, 'N', 1000000622, 'SHRoomLight', 
1, 1005) 
 {executed in 3 msec}
MasterAPI|API|HOST_NAME_IS_UNDEFINED|INFO|2019-05-17 14:28:02.969|2019-05-17|HOST_IP_IS_UNDEFINED|SELECT 1 
 {executed in 1 msec}
MasterAPI|API|HOST_NAME_IS_UNDEFINED|INFO|2019-05-17 14:28:02.970|2019-05-17|HOST_IP_IS_UNDEFINED|SELECT 1 
 {executed in 0 msec}
MasterAPI|API|HOST_NAME_IS_UNDEFINED|INFO|2019-05-17 14:29:39.890|2019-05-17|HOST_IP_IS_UNDEFINED|SELECT 1 
 {executed in 2 msec}
MasterAPI|API|HOST_NAME_IS_UNDEFINED|INFO|2019-05-17 14:29:39.891|2019-05-17|HOST_IP_IS_UNDEFINED|SELECT 1 
 {executed in 0 msec}
MasterAPI|API|HOST_NAME_IS_UNDEFINED|INFO|2019-05-17 14:29:39.893|2019-05-17|HOST_IP_IS_UNDEFINED|select count(*) as col_0_0_ from svc_tgt_bas target0_ where target0_.svc_tgt_seq=1005 
 {executed in 1 msec}
MasterAPI|API|HOST_NAME_IS_UNDEFINED|INFO|2019-05-17 14:29:39.894|2019-05-17|HOST_IP_IS_UNDEFINED|SELECT 1 
 {executed in 0 msec}
MasterAPI|API|HOST_NAME_IS_UNDEFINED|INFO|2019-05-17 14:29:39.896|2019-05-17|HOST_IP_IS_UNDEFINED|select count(*) as col_0_0_ from dev_model_bas devicemode0_ where devicemode0_.dev_model_seq=1000000622 
 {executed in 1 msec}
MasterAPI|API|HOST_NAME_IS_UNDEFINED|INFO|2019-05-17 14:29:39.899|2019-05-17|HOST_IP_IS_UNDEFINED|select msdevice0_.svc_dev_seq as svc_dev_1_1_, msdevice0_.svc_tgt_seq as svc_tgt_2_1_, msdevice0_.gw_cnct_id 
as gw_cnct_3_1_, msdevice0_.cretr_id as cretr_id4_1_, msdevice0_.del_yn as del_yn5_1_, msdevice0_.dev_model_seq 
as dev_mode6_1_, msdevice0_.spot_dev_id as spot_dev7_1_ from spot_dev_bas msdevice0_ where 
msdevice0_.spot_dev_id='SHRoomLight' and msdevice0_.gw_cnct_id='OPEN_HTTP_001PTL001_1000000346' 
and msdevice0_.del_yn='N' 
 {executed in 1 msec}
MasterAPI|API|HOST_NAME_IS_UNDEFINED|INFO|2019-05-17 14:29:39.900|2019-05-17|HOST_IP_IS_UNDEFINED|select msdevice0_.svc_dev_seq as svc_dev_1_1_, msdevice0_.svc_tgt_seq as svc_tgt_2_1_, msdevice0_.gw_cnct_id 
as gw_cnct_3_1_, msdevice0_.cretr_id as cretr_id4_1_, msdevice0_.del_yn as del_yn5_1_, msdevice0_.dev_model_seq 
as dev_mode6_1_, msdevice0_.spot_dev_id as spot_dev7_1_ from spot_dev_bas msdevice0_ where 
msdevice0_.svc_tgt_seq=1005 order by msdevice0_.svc_dev_seq asc 
 {executed in 0 msec}
MasterAPI|API|HOST_NAME_IS_UNDEFINED|INFO|2019-05-17 14:29:39.900|2019-05-17|HOST_IP_IS_UNDEFINED|SELECT 1 
 {executed in 0 msec}
MasterAPI|API|HOST_NAME_IS_UNDEFINED|INFO|2019-05-17 14:29:39.902|2019-05-17|HOST_IP_IS_UNDEFINED|select count(*) as col_0_0_ from spot_dev_bas msdevice0_ where msdevice0_.svc_dev_seq=1 and 
msdevice0_.svc_tgt_seq=1005 
 {executed in 1 msec}
MasterAPI|API|HOST_NAME_IS_UNDEFINED|INFO|2019-05-17 14:29:39.902|2019-05-17|HOST_IP_IS_UNDEFINED|SELECT 1 
 {executed in 0 msec}
MasterAPI|API|HOST_NAME_IS_UNDEFINED|INFO|2019-05-17 14:29:39.903|2019-05-17|HOST_IP_IS_UNDEFINED|select msdevice0_.svc_dev_seq as svc_dev_1_1_0_, msdevice0_.svc_tgt_seq as svc_tgt_2_1_0_, 
msdevice0_.gw_cnct_id as gw_cnct_3_1_0_, msdevice0_.cretr_id as cretr_id4_1_0_, msdevice0_.del_yn 
as del_yn5_1_0_, msdevice0_.dev_model_seq as dev_mode6_1_0_, msdevice0_.spot_dev_id as spot_dev7_1_0_ 
from spot_dev_bas msdevice0_ where msdevice0_.svc_dev_seq=1 and msdevice0_.svc_tgt_seq=1005 
 {executed in 0 msec}
MasterAPI|API|HOST_NAME_IS_UNDEFINED|INFO|2019-05-17 14:29:39.904|2019-05-17|HOST_IP_IS_UNDEFINED|select devicemode0_.dev_model_seq as dev_mode1_0_0_, devicemode0_.bind_type_cd as bind_typ2_0_0_, 
devicemode0_.cret_dt as cret_dt3_0_0_, devicemode0_.cretr_id as cretr_id4_0_0_, devicemode0_.district_cd 
as district5_0_0_, devicemode0_.dev_model_cd as dev_mode6_0_0_, devicemode0_.terml_makr_nm 
as terml_ma7_0_0_, devicemode0_.amdr_dt as amdr_dt8_0_0_, devicemode0_.amdr_id as amdr_id9_0_0_, 
devicemode0_.dev_model_nm as dev_mod10_0_0_, devicemode0_.dev_model_parent as dev_mod11_0_0_, 
devicemode0_.prot_type as prot_ty12_0_0_, devicemode0_.svc_cd as svc_cd13_0_0_, devicemode0_.them_cd 
as them_cd14_0_0_, devicemode0_.dev_type_cd as dev_typ15_0_0_ from dev_model_bas devicemode0_ 
where devicemode0_.dev_model_seq=1000000622 
 {executed in 0 msec}
MasterAPI|API|HOST_NAME_IS_UNDEFINED|INFO|2019-05-17 14:29:39.905|2019-05-17|HOST_IP_IS_UNDEFINED|select target0_.svc_tgt_seq as svc_tgt_1_2_0_, target0_.svc_creator as svc_crea2_2_0_, target0_.svc_dist_cd 
as svc_dist3_2_0_, target0_.id as id4_2_0_, target0_.svc_cd as svc_cd5_2_0_, target0_.svc_thme_cd 
as svc_thme6_2_0_ from svc_tgt_bas target0_ where target0_.svc_tgt_seq=1005 
 {executed in 0 msec}
MasterAPI|API|HOST_NAME_IS_UNDEFINED|INFO|2019-05-17 14:29:39.908|2019-05-17|HOST_IP_IS_UNDEFINED|insert into spot_dev_bas (gw_cnct_id, cretr_id, del_yn, dev_model_seq, spot_dev_id, svc_dev_seq, 
svc_tgt_seq) values ('OPEN_HTTP_001PTL001_1000000346', 10150553, 'N', 1000000622, 'SHRoomLight', 
1, 1005) 
 {executed in 2 msec}
MasterAPI|API|HOST_NAME_IS_UNDEFINED|INFO|2019-05-17 14:29:39.909|2019-05-17|HOST_IP_IS_UNDEFINED|SELECT 1 
 {executed in 0 msec}
MasterAPI|API|HOST_NAME_IS_UNDEFINED|INFO|2019-05-17 14:29:39.910|2019-05-17|HOST_IP_IS_UNDEFINED|SELECT 1 
 {executed in 0 msec}
MasterAPI|API|HOST_NAME_IS_UNDEFINED|INFO|2019-05-17 14:30:06.163|2019-05-17|HOST_IP_IS_UNDEFINED|SELECT 1 
 {executed in 1 msec}
MasterAPI|API|HOST_NAME_IS_UNDEFINED|INFO|2019-05-17 14:30:06.186|2019-05-17|HOST_IP_IS_UNDEFINED|select msdevice0_.svc_dev_seq as svc_dev_1_1_, msdevice0_.svc_tgt_seq as svc_tgt_2_1_, msdevice0_.gw_cnct_id 
as gw_cnct_3_1_, msdevice0_.cretr_id as cretr_id4_1_, msdevice0_.del_yn as del_yn5_1_, msdevice0_.dev_model_seq 
as dev_mode6_1_, msdevice0_.spot_dev_id as spot_dev7_1_ from spot_dev_bas msdevice0_ where 
msdevice0_.spot_dev_id='SHRoomLight' and msdevice0_.gw_cnct_id='OPEN_HTTP_001PTL001_1000000346' 
and msdevice0_.del_yn='N' 
 {executed in 11 msec}
MasterAPI|API|HOST_NAME_IS_UNDEFINED|INFO|2019-05-17 14:30:06.229|2019-05-17|HOST_IP_IS_UNDEFINED|select devicemode0_.dev_model_seq as dev_mode1_0_0_, devicemode0_.bind_type_cd as bind_typ2_0_0_, 
devicemode0_.cret_dt as cret_dt3_0_0_, devicemode0_.cretr_id as cretr_id4_0_0_, devicemode0_.district_cd 
as district5_0_0_, devicemode0_.dev_model_cd as dev_mode6_0_0_, devicemode0_.terml_makr_nm 
as terml_ma7_0_0_, devicemode0_.amdr_dt as amdr_dt8_0_0_, devicemode0_.amdr_id as amdr_id9_0_0_, 
devicemode0_.dev_model_nm as dev_mod10_0_0_, devicemode0_.dev_model_parent as dev_mod11_0_0_, 
devicemode0_.prot_type as prot_ty12_0_0_, devicemode0_.svc_cd as svc_cd13_0_0_, devicemode0_.them_cd 
as them_cd14_0_0_, devicemode0_.dev_type_cd as dev_typ15_0_0_ from dev_model_bas devicemode0_ 
where devicemode0_.dev_model_seq=1000000622 
 {executed in 16 msec}
MasterAPI|API|HOST_NAME_IS_UNDEFINED|INFO|2019-05-17 14:30:06.264|2019-05-17|HOST_IP_IS_UNDEFINED|select target0_.svc_tgt_seq as svc_tgt_1_2_0_, target0_.svc_creator as svc_crea2_2_0_, target0_.svc_dist_cd 
as svc_dist3_2_0_, target0_.id as id4_2_0_, target0_.svc_cd as svc_cd5_2_0_, target0_.svc_thme_cd 
as svc_thme6_2_0_ from svc_tgt_bas target0_ where target0_.svc_tgt_seq=1005 
 {executed in 9 msec}
MasterAPI|API|HOST_NAME_IS_UNDEFINED|INFO|2019-05-17 14:46:38.230|2019-05-17|HOST_IP_IS_UNDEFINED|SELECT 1 
 {executed in 0 msec}
MasterAPI|API|HOST_NAME_IS_UNDEFINED|INFO|2019-05-17 14:46:38.230|2019-05-17|HOST_IP_IS_UNDEFINED|SELECT 1 
 {executed in 0 msec}
