MasterAPI|API|HOST_NAME_IS_UNDEFINED|INFO|2019-05-10 12:22:46.462|2019-05-10|HOST_IP_IS_UNDEFINED||http://localhost:8280/template/swagger|GET|2019-05-10 12:22:46.411|2019-05-10 12:22:46.458|47|0:0:0:0:0:0:0:1|null
MasterAPI|API|HOST_NAME_IS_UNDEFINED|INFO|2019-05-10 12:22:47.816|2019-05-10|HOST_IP_IS_UNDEFINED|/template/v2/api|http://localhost:8280/template/v2/api-docs|GET|2019-05-10 12:22:47.713|2019-05-10 12:22:47.815|102|0:0:0:0:0:0:0:1|null
MasterAPI|API|HOST_NAME_IS_UNDEFINED|INFO|2019-05-10 14:24:22.117|2019-05-10|HOST_IP_IS_UNDEFINED|/template/v2/members/1/targets/1000000789/devices|http://localhost:8280/template/v2/members/1/targets/1000000789/devices|POST|2019-05-10 14:24:21.824|2019-05-10 14:24:22.117|293|0:0:0:0:0:0:0:1|null
MasterAPI|API|HOST_NAME_IS_UNDEFINED|INFO|2019-05-10 14:28:14.970|2019-05-10|HOST_IP_IS_UNDEFINED||http://localhost:8380/template/swagger|GET|2019-05-10 14:28:14.905|2019-05-10 14:28:14.966|61|0:0:0:0:0:0:0:1|null
MasterAPI|API|HOST_NAME_IS_UNDEFINED|INFO|2019-05-10 14:28:16.271|2019-05-10|HOST_IP_IS_UNDEFINED|/template/v2/api|http://localhost:8380/template/v2/api-docs|GET|2019-05-10 14:28:16.146|2019-05-10 14:28:16.271|125|0:0:0:0:0:0:0:1|null
MasterAPI|API|HOST_NAME_IS_UNDEFINED|INFO|2019-05-10 14:31:58.029|2019-05-10|HOST_IP_IS_UNDEFINED|/template/v2/members/1/targets/1000000789/devices|http://localhost:8380/template/v2/members/1/targets/1000000789/devices|POST|2019-05-10 14:28:35.653|2019-05-10 14:31:58.029|202376|0:0:0:0:0:0:0:1|null
MasterAPI|API|HOST_NAME_IS_UNDEFINED|INFO|2019-05-10 14:35:14.625|2019-05-10|HOST_IP_IS_UNDEFINED|/template/v2/members/1/targets/1000000789/devices|http://localhost:8380/template/v2/members/1/targets/1000000789/devices|POST|2019-05-10 14:34:32.579|2019-05-10 14:35:14.618|42039|0:0:0:0:0:0:0:1|null
MasterAPI|API|HOST_NAME_IS_UNDEFINED|INFO|2019-05-10 14:38:40.757|2019-05-10|HOST_IP_IS_UNDEFINED|/template/v2/members/1/targets/1000000789/devices|http://localhost:8380/template/v2/members/1/targets/1000000789/devices|POST|2019-05-10 14:35:30.412|2019-05-10 14:38:40.757|190345|0:0:0:0:0:0:0:1|null
MasterAPI|API|HOST_NAME_IS_UNDEFINED|INFO|2019-05-10 14:48:43.541|2019-05-10|HOST_IP_IS_UNDEFINED|/template/v2/members/1/targets/1000000789/devices|http://localhost:8380/template/v2/members/1/targets/1000000789/devices|POST|2019-05-10 14:48:43.533|2019-05-10 14:48:43.540|7|0:0:0:0:0:0:0:1|null
MasterAPI|API|HOST_NAME_IS_UNDEFINED|INFO|2019-05-10 14:50:18.282|2019-05-10|HOST_IP_IS_UNDEFINED|/template/v2/members/1/targets/1000000789/devices|http://localhost:8380/template/v2/members/1/targets/1000000789/devices|POST|2019-05-10 14:50:18.280|2019-05-10 14:50:18.282|2|0:0:0:0:0:0:0:1|null
MasterAPI|API|HOST_NAME_IS_UNDEFINED|INFO|2019-05-10 14:52:21.979|2019-05-10|HOST_IP_IS_UNDEFINED|/template/v2/members/1/targets/1000000789/devices|http://localhost:8380/template/v2/members/1/targets/1000000789/devices|POST|2019-05-10 14:52:08.078|2019-05-10 14:52:21.971|13893|0:0:0:0:0:0:0:1|null
MasterAPI|API|HOST_NAME_IS_UNDEFINED|INFO|2019-05-10 14:53:44.193|2019-05-10|HOST_IP_IS_UNDEFINED|/template/v2/members/1/targets/1000000789/devices|http://localhost:8380/template/v2/members/1/targets/1000000789/devices|POST|2019-05-10 14:52:48.214|2019-05-10 14:53:44.186|55972|0:0:0:0:0:0:0:1|null
MasterAPI|API|HOST_NAME_IS_UNDEFINED|INFO|2019-05-10 15:07:51.576|2019-05-10|HOST_IP_IS_UNDEFINED|/template/v2/members/1/targets/1000000789/devices|http://localhost:8380/template/v2/members/1/targets/1000000789/devices|POST|2019-05-10 15:07:51.414|2019-05-10 15:07:51.576|162|0:0:0:0:0:0:0:1|null
MasterAPI|API|HOST_NAME_IS_UNDEFINED|INFO|2019-05-10 15:09:15.036|2019-05-10|HOST_IP_IS_UNDEFINED|/template/v2/members/1/targets/1000000789/devices|http://localhost:8380/template/v2/members/1/targets/1000000789/devices|POST|2019-05-10 15:09:15.026|2019-05-10 15:09:15.036|10|0:0:0:0:0:0:0:1|null
MasterAPI|API|HOST_NAME_IS_UNDEFINED|INFO|2019-05-10 15:10:17.342|2019-05-10|HOST_IP_IS_UNDEFINED|/template/v2/members/1/targets/1000000789/devices|http://localhost:8380/template/v2/members/1/targets/1000000789/devices|POST|2019-05-10 15:09:38.370|2019-05-10 15:10:17.342|38972|0:0:0:0:0:0:0:1|null
MasterAPI|API|HOST_NAME_IS_UNDEFINED|INFO|2019-05-10 15:14:23.599|2019-05-10|HOST_IP_IS_UNDEFINED|/template/v2/members/1/targets/1000000789/devices|http://localhost:8380/template/v2/members/1/targets/1000000789/devices|POST|2019-05-10 15:14:23.436|2019-05-10 15:14:23.599|163|0:0:0:0:0:0:0:1|null
MasterAPI|API|HOST_NAME_IS_UNDEFINED|INFO|2019-05-10 15:22:26.775|2019-05-10|HOST_IP_IS_UNDEFINED|/template/v2/members/1/targets/1000000789/devices|http://localhost:8380/template/v2/members/1/targets/1000000789/devices|POST|2019-05-10 15:21:49.956|2019-05-10 15:22:26.775|36819|0:0:0:0:0:0:0:1|null
MasterAPI|API|HOST_NAME_IS_UNDEFINED|INFO|2019-05-10 15:31:03.475|2019-05-10|HOST_IP_IS_UNDEFINED|/template/v2/members/1/targets/1000000789/devices|http://localhost:8380/template/v2/members/1/targets/1000000789/devices|POST|2019-05-10 15:31:03.314|2019-05-10 15:31:03.475|161|0:0:0:0:0:0:0:1|null
MasterAPI|API|HOST_NAME_IS_UNDEFINED|INFO|2019-05-10 15:33:11.908|2019-05-10|HOST_IP_IS_UNDEFINED|/template/v2/members/1/targets/1000000789/devices|http://localhost:8380/template/v2/members/1/targets/1000000789/devices|POST|2019-05-10 15:33:11.896|2019-05-10 15:33:11.908|12|0:0:0:0:0:0:0:1|null
MasterAPI|API|HOST_NAME_IS_UNDEFINED|INFO|2019-05-10 15:33:28.590|2019-05-10|HOST_IP_IS_UNDEFINED|/template/v2/members/1/targets/1000000789/devices|http://localhost:8380/template/v2/members/1/targets/1000000789/devices|POST|2019-05-10 15:33:28.582|2019-05-10 15:33:28.590|8|0:0:0:0:0:0:0:1|null
MasterAPI|API|HOST_NAME_IS_UNDEFINED|INFO|2019-05-10 15:33:39.239|2019-05-10|HOST_IP_IS_UNDEFINED|/template/v2/members/1/targets/1000000789/devices|http://localhost:8380/template/v2/members/1/targets/1000000789/devices|POST|2019-05-10 15:33:39.231|2019-05-10 15:33:39.239|8|0:0:0:0:0:0:0:1|null
MasterAPI|API|HOST_NAME_IS_UNDEFINED|INFO|2019-05-10 15:41:27.915|2019-05-10|HOST_IP_IS_UNDEFINED|/template/v2/members/1/targets/1000000789/devices|http://localhost:8380/template/v2/members/1/targets/1000000789/devices|POST|2019-05-10 15:40:18.571|2019-05-10 15:41:27.907|69336|0:0:0:0:0:0:0:1|null
MasterAPI|API|HOST_NAME_IS_UNDEFINED|INFO|2019-05-10 15:56:50.087|2019-05-10|HOST_IP_IS_UNDEFINED|/template/v2/members/1/targets/1000000789/devices|http://localhost:8380/template/v2/members/1/targets/1000000789/devices|POST|2019-05-10 15:56:49.912|2019-05-10 15:56:50.087|175|0:0:0:0:0:0:0:1|null
MasterAPI|API|HOST_NAME_IS_UNDEFINED|INFO|2019-05-10 16:18:33.363|2019-05-10|HOST_IP_IS_UNDEFINED|/template/v2/api|http://localhost:8280/template/v2/api-docs|GET|2019-05-10 16:18:33.234|2019-05-10 16:18:33.359|125|0:0:0:0:0:0:0:1|null
MasterAPI|API|HOST_NAME_IS_UNDEFINED|INFO|2019-05-10 16:18:44.259|2019-05-10|HOST_IP_IS_UNDEFINED|/template/v2/members/1/targets/1000000789/devices|http://localhost:8280/template/v2/members/1/targets/1000000789/devices|POST|2019-05-10 16:18:44.135|2019-05-10 16:18:44.259|124|0:0:0:0:0:0:0:1|null
MasterAPI|API|HOST_NAME_IS_UNDEFINED|INFO|2019-05-10 16:20:48.083|2019-05-10|HOST_IP_IS_UNDEFINED|/template/v2/members/1/targets/1000000789/devices|http://localhost:8280/template/v2/members/1/targets/1000000789/devices|POST|2019-05-10 16:20:47.918|2019-05-10 16:20:48.083|165|0:0:0:0:0:0:0:1|null
MasterAPI|API|HOST_NAME_IS_UNDEFINED|INFO|2019-05-10 16:28:16.621|2019-05-10|HOST_IP_IS_UNDEFINED|/template/v2/members/1/targets/1000000789/devices|http://localhost:8280/template/v2/members/1/targets/1000000789/devices|POST|2019-05-10 16:27:47.676|2019-05-10 16:28:16.613|28937|0:0:0:0:0:0:0:1|null
MasterAPI|API|HOST_NAME_IS_UNDEFINED|INFO|2019-05-10 16:49:26.525|2019-05-10|HOST_IP_IS_UNDEFINED|/template/v2/members/1/targets/1000000789/devices|http://localhost:8280/template/v2/members/1/targets/1000000789/devices|POST|2019-05-10 16:49:26.444|2019-05-10 16:49:26.525|81|0:0:0:0:0:0:0:1|null
MasterAPI|API|HOST_NAME_IS_UNDEFINED|INFO|2019-05-10 16:50:24.235|2019-05-10|HOST_IP_IS_UNDEFINED|/template/v2/members/1/targets/1000000789/devices|http://localhost:8280/template/v2/members/1/targets/1000000789/devices|POST|2019-05-10 16:50:20.206|2019-05-10 16:50:24.235|4029|0:0:0:0:0:0:0:1|null
MasterAPI|API|HOST_NAME_IS_UNDEFINED|INFO|2019-05-10 16:51:50.414|2019-05-10|HOST_IP_IS_UNDEFINED|/template/v2/members/1/targets/1000000789/devices|http://localhost:8280/template/v2/members/1/targets/1000000789/devices|POST|2019-05-10 16:51:22.588|2019-05-10 16:51:50.406|27818|0:0:0:0:0:0:0:1|null
MasterAPI|API|HOST_NAME_IS_UNDEFINED|INFO|2019-05-10 16:53:13.610|2019-05-10|HOST_IP_IS_UNDEFINED|/template/v2/members/1/targets/1000000789/devices|http://localhost:8280/template/v2/members/1/targets/1000000789/devices|POST|2019-05-10 16:53:13.429|2019-05-10 16:53:13.609|180|0:0:0:0:0:0:0:1|null
MasterAPI|API|HOST_NAME_IS_UNDEFINED|INFO|2019-05-10 16:53:18.655|2019-05-10|HOST_IP_IS_UNDEFINED|/template/v2/members/1/targets/1000000789/devices|http://localhost:8280/template/v2/members/1/targets/1000000789/devices|POST|2019-05-10 16:53:18.646|2019-05-10 16:53:18.655|9|0:0:0:0:0:0:0:1|null
MasterAPI|API|HOST_NAME_IS_UNDEFINED|INFO|2019-05-10 16:53:19.337|2019-05-10|HOST_IP_IS_UNDEFINED|/template/v2/members/1/targets/1000000789/devices|http://localhost:8280/template/v2/members/1/targets/1000000789/devices|POST|2019-05-10 16:53:19.330|2019-05-10 16:53:19.337|7|0:0:0:0:0:0:0:1|null
MasterAPI|API|HOST_NAME_IS_UNDEFINED|INFO|2019-05-10 16:55:54.335|2019-05-10|HOST_IP_IS_UNDEFINED|/template/v2/members/1/targets/1000000789/devices|http://localhost:8280/template/v2/members/1/targets/1000000789/devices|POST|2019-05-10 16:55:24.201|2019-05-10 16:55:54.328|30127|0:0:0:0:0:0:0:1|null
MasterAPI|API|HOST_NAME_IS_UNDEFINED|INFO|2019-05-10 17:05:18.409|2019-05-10|HOST_IP_IS_UNDEFINED|/template/v2/members/1/targets/1000000789/devices|http://localhost:8280/template/v2/members/1/targets/1000000789/devices|POST|2019-05-10 17:03:24.050|2019-05-10 17:05:18.400|114350|0:0:0:0:0:0:0:1|null
MasterAPI|API|HOST_NAME_IS_UNDEFINED|INFO|2019-05-10 17:06:57.808|2019-05-10|HOST_IP_IS_UNDEFINED|/template/v2/members/1/targets/1000000789/devices|http://localhost:8280/template/v2/members/1/targets/1000000789/devices|POST|2019-05-10 17:06:57.607|2019-05-10 17:06:57.808|201|0:0:0:0:0:0:0:1|null
MasterAPI|API|HOST_NAME_IS_UNDEFINED|INFO|2019-05-10 17:09:22.216|2019-05-10|HOST_IP_IS_UNDEFINED|/template/v2/members/1/targets/1000000789/devices|http://localhost:8280/template/v2/members/1/targets/1000000789/devices|POST|2019-05-10 17:09:02.009|2019-05-10 17:09:22.208|20199|0:0:0:0:0:0:0:1|null
MasterAPI|API|HOST_NAME_IS_UNDEFINED|INFO|2019-05-10 17:20:07.115|2019-05-10|HOST_IP_IS_UNDEFINED|/template/v2/members/1/targets/1000000789/devices|http://localhost:8280/template/v2/members/1/targets/1000000789/devices|POST|2019-05-10 17:19:49.366|2019-05-10 17:20:07.107|17741|0:0:0:0:0:0:0:1|null
MasterAPI|API|HOST_NAME_IS_UNDEFINED|INFO|2019-05-10 17:21:14.033|2019-05-10|HOST_IP_IS_UNDEFINED|/template/v2/members/1/targets/1000000789/devices|http://localhost:8280/template/v2/members/1/targets/1000000789/devices|POST|2019-05-10 17:20:52.358|2019-05-10 17:21:14.033|21675|0:0:0:0:0:0:0:1|null
MasterAPI|API|HOST_NAME_IS_UNDEFINED|INFO|2019-05-10 17:22:21.106|2019-05-10|HOST_IP_IS_UNDEFINED|/template/v2/members/1/targets/1000000789/devices|http://localhost:8280/template/v2/members/1/targets/1000000789/devices|POST|2019-05-10 17:22:20.912|2019-05-10 17:22:21.106|194|0:0:0:0:0:0:0:1|null
MasterAPI|API|HOST_NAME_IS_UNDEFINED|INFO|2019-05-10 17:22:23.122|2019-05-10|HOST_IP_IS_UNDEFINED|/template/v2/members/1/targets/1000000789/devices|http://localhost:8280/template/v2/members/1/targets/1000000789/devices|POST|2019-05-10 17:22:23.110|2019-05-10 17:22:23.122|12|0:0:0:0:0:0:0:1|null
MasterAPI|API|HOST_NAME_IS_UNDEFINED|INFO|2019-05-10 17:22:30.064|2019-05-10|HOST_IP_IS_UNDEFINED|/template/v2/members/1/targets/1000000789/devices|http://localhost:8280/template/v2/members/1/targets/1000000789/devices|POST|2019-05-10 17:22:30.054|2019-05-10 17:22:30.064|10|0:0:0:0:0:0:0:1|null
MasterAPI|API|HOST_NAME_IS_UNDEFINED|INFO|2019-05-10 17:22:30.764|2019-05-10|HOST_IP_IS_UNDEFINED|/template/v2/members/1/targets/1000000789/devices|http://localhost:8280/template/v2/members/1/targets/1000000789/devices|POST|2019-05-10 17:22:30.754|2019-05-10 17:22:30.763|9|0:0:0:0:0:0:0:1|null
MasterAPI|API|HOST_NAME_IS_UNDEFINED|INFO|2019-05-10 17:31:09.122|2019-05-10|HOST_IP_IS_UNDEFINED|/template/v2/members/1/targets/1000000789/devices|http://localhost:8280/template/v2/members/1/targets/1000000789/devices|POST|2019-05-10 17:30:43.747|2019-05-10 17:31:09.113|25366|0:0:0:0:0:0:0:1|null
MasterAPI|API|HOST_NAME_IS_UNDEFINED|INFO|2019-05-10 17:38:12.229|2019-05-10|HOST_IP_IS_UNDEFINED|/template/v2/members/1/targets/1000000789/devices|http://localhost:8280/template/v2/members/1/targets/1000000789/devices|POST|2019-05-10 17:38:09.005|2019-05-10 17:38:12.229|3224|0:0:0:0:0:0:0:1|null
MasterAPI|API|HOST_NAME_IS_UNDEFINED|INFO|2019-05-10 17:45:13.508|2019-05-10|HOST_IP_IS_UNDEFINED|/template/v2/members/1/targets/1000000789/devices|http://localhost:8280/template/v2/members/1/targets/1000000789/devices|POST|2019-05-10 17:44:48.574|2019-05-10 17:45:13.508|24934|0:0:0:0:0:0:0:1|null
MasterAPI|API|HOST_NAME_IS_UNDEFINED|INFO|2019-05-10 17:49:32.706|2019-05-10|HOST_IP_IS_UNDEFINED|/template/v2/members/1/targets/1000000789/devices|http://localhost:8280/template/v2/members/1/targets/1000000789/devices|POST|2019-05-10 17:49:32.525|2019-05-10 17:49:32.706|181|0:0:0:0:0:0:0:1|null
MasterAPI|API|HOST_NAME_IS_UNDEFINED|INFO|2019-05-10 18:05:22.031|2019-05-10|HOST_IP_IS_UNDEFINED|/template/v2/members/1/targets/1000000789/devices|http://localhost:8280/template/v2/members/1/targets/1000000789/devices|POST|2019-05-10 18:05:21.833|2019-05-10 18:05:22.031|198|0:0:0:0:0:0:0:1|null
MasterAPI|API|HOST_NAME_IS_UNDEFINED|INFO|2019-05-10 18:08:41.080|2019-05-10|HOST_IP_IS_UNDEFINED|/template/v2/members/1/targets/1000000789/devices|http://localhost:8280/template/v2/members/1/targets/1000000789/devices|POST|2019-05-10 18:08:41.044|2019-05-10 18:08:41.080|36|0:0:0:0:0:0:0:1|null
MasterAPI|API|HOST_NAME_IS_UNDEFINED|INFO|2019-05-10 18:08:45.935|2019-05-10|HOST_IP_IS_UNDEFINED||http://localhost:8280/template/swagger|GET|2019-05-10 18:08:45.907|2019-05-10 18:08:45.935|28|0:0:0:0:0:0:0:1|null
MasterAPI|API|HOST_NAME_IS_UNDEFINED|INFO|2019-05-10 18:08:46.082|2019-05-10|HOST_IP_IS_UNDEFINED|/template/v2/api|http://localhost:8280/template/v2/api-docs|GET|2019-05-10 18:08:46.012|2019-05-10 18:08:46.081|69|0:0:0:0:0:0:0:1|null
MasterAPI|API|HOST_NAME_IS_UNDEFINED|INFO|2019-05-10 18:09:07.178|2019-05-10|HOST_IP_IS_UNDEFINED|/template/v2/members/11/targets/1000000789/devices|http://localhost:8280/template/v2/members/11/targets/1000000789/devices|POST|2019-05-10 18:09:07.167|2019-05-10 18:09:07.178|11|0:0:0:0:0:0:0:1|null
MasterAPI|API|HOST_NAME_IS_UNDEFINED|INFO|2019-05-10 18:09:13.614|2019-05-10|HOST_IP_IS_UNDEFINED|/template/v2/members/11/targets/1000000789/devices|http://localhost:8280/template/v2/members/11/targets/1000000789/devices|POST|2019-05-10 18:09:13.603|2019-05-10 18:09:13.614|11|0:0:0:0:0:0:0:1|null
MasterAPI|API|HOST_NAME_IS_UNDEFINED|INFO|2019-05-10 18:09:52.886|2019-05-10|HOST_IP_IS_UNDEFINED|/template/v2/members/11/targets/1000000789/devices|http://localhost:8280/template/v2/members/11/targets/1000000789/devices|POST|2019-05-10 18:09:52.874|2019-05-10 18:09:52.886|12|0:0:0:0:0:0:0:1|null
MasterAPI|API|HOST_NAME_IS_UNDEFINED|INFO|2019-05-10 18:10:06.175|2019-05-10|HOST_IP_IS_UNDEFINED|/template/v2/members/11/targets/1000000789/devices|http://localhost:8280/template/v2/members/11/targets/1000000789/devices|POST|2019-05-10 18:10:06.164|2019-05-10 18:10:06.175|11|0:0:0:0:0:0:0:1|null
MasterAPI|API|HOST_NAME_IS_UNDEFINED|INFO|2019-05-10 18:11:25.761|2019-05-10|HOST_IP_IS_UNDEFINED|/template/v2/members/11/targets/1000000789/devices|http://localhost:8280/template/v2/members/11/targets/1000000789/devices|POST|2019-05-10 18:11:25.749|2019-05-10 18:11:25.761|12|0:0:0:0:0:0:0:1|null
MasterAPI|API|HOST_NAME_IS_UNDEFINED|INFO|2019-05-10 18:12:03.415|2019-05-10|HOST_IP_IS_UNDEFINED|/template/v2/members/11/targets/1000000789/devices|http://localhost:8280/template/v2/members/11/targets/1000000789/devices|POST|2019-05-10 18:12:03.404|2019-05-10 18:12:03.415|11|0:0:0:0:0:0:0:1|null
MasterAPI|API|HOST_NAME_IS_UNDEFINED|INFO|2019-05-10 20:02:08.557|2019-05-10|HOST_IP_IS_UNDEFINED|/template/v2/members/11/targets/1000000789/devices|http://localhost:8280/template/v2/members/11/targets/1000000789/devices|POST|2019-05-10 20:00:44.813|2019-05-10 20:02:08.557|83744|0:0:0:0:0:0:0:1|null
MasterAPI|API|HOST_NAME_IS_UNDEFINED|INFO|2019-05-10 20:37:57.643|2019-05-10|HOST_IP_IS_UNDEFINED|/template/v2/members/11/targets/1000000789/devices|http://localhost:8280/template/v2/members/11/targets/1000000789/devices|POST|2019-05-10 20:37:57.299|2019-05-10 20:37:57.643|344|0:0:0:0:0:0:0:1|null
MasterAPI|API|HOST_NAME_IS_UNDEFINED|INFO|2019-05-10 20:49:04.075|2019-05-10|HOST_IP_IS_UNDEFINED|/template/v2/members/11/targets/1000000789/devices|http://localhost:8280/template/v2/members/11/targets/1000000789/devices|POST|2019-05-10 20:48:24.937|2019-05-10 20:49:04.059|39122|0:0:0:0:0:0:0:1|null
MasterAPI|API|HOST_NAME_IS_UNDEFINED|INFO|2019-05-10 20:50:34.736|2019-05-10|HOST_IP_IS_UNDEFINED|/template/v2/members/11/targets/1000000789/devices|http://localhost:8280/template/v2/members/11/targets/1000000789/devices|POST|2019-05-10 20:50:00.118|2019-05-10 20:50:34.721|34603|0:0:0:0:0:0:0:1|null
MasterAPI|API|HOST_NAME_IS_UNDEFINED|INFO|2019-05-10 20:56:49.941|2019-05-10|HOST_IP_IS_UNDEFINED|/template/v2/members/11/targets/1000000789/devices|http://localhost:8280/template/v2/members/11/targets/1000000789/devices|POST|2019-05-10 20:56:03.097|2019-05-10 20:56:49.924|46827|0:0:0:0:0:0:0:1|null
MasterAPI|API|HOST_NAME_IS_UNDEFINED|INFO|2019-05-10 21:03:11.769|2019-05-10|HOST_IP_IS_UNDEFINED|/template/v2/members/11/targets/1000000789/devices|http://localhost:8280/template/v2/members/11/targets/1000000789/devices|POST|2019-05-10 21:02:37.954|2019-05-10 21:03:11.769|33815|0:0:0:0:0:0:0:1|null
MasterAPI|API|HOST_NAME_IS_UNDEFINED|INFO|2019-05-10 21:15:24.160|2019-05-10|HOST_IP_IS_UNDEFINED|/template/v2/members/11/targets/1000000789/devices|http://localhost:8280/template/v2/members/11/targets/1000000789/devices|POST|2019-05-10 21:15:23.734|2019-05-10 21:15:24.160|426|0:0:0:0:0:0:0:1|null
MasterAPI|API|HOST_NAME_IS_UNDEFINED|INFO|2019-05-10 21:35:02.190|2019-05-10|HOST_IP_IS_UNDEFINED|/template/v2/members/11/targets/1000000789/devices|http://localhost:8280/template/v2/members/11/targets/1000000789/devices|POST|2019-05-10 21:34:41.954|2019-05-10 21:35:02.190|20236|0:0:0:0:0:0:0:1|null
MasterAPI|API|HOST_NAME_IS_UNDEFINED|INFO|2019-05-10 21:56:12.165|2019-05-10|HOST_IP_IS_UNDEFINED|/template/v2/members/11/targets/1000000789/devices|http://localhost:8280/template/v2/members/11/targets/1000000789/devices|POST|2019-05-10 21:56:11.974|2019-05-10 21:56:12.165|191|0:0:0:0:0:0:0:1|null
MasterAPI|API|HOST_NAME_IS_UNDEFINED|INFO|2019-05-10 21:57:03.119|2019-05-10|HOST_IP_IS_UNDEFINED|/template/v2/members/11/targets/1000000789/devices|http://localhost:8280/template/v2/members/11/targets/1000000789/devices|POST|2019-05-10 21:57:02.907|2019-05-10 21:57:03.119|212|0:0:0:0:0:0:0:1|null
MasterAPI|API|HOST_NAME_IS_UNDEFINED|INFO|2019-05-10 22:01:51.034|2019-05-10|HOST_IP_IS_UNDEFINED|/template/v2/members/11/targets/1000000789/devices|http://localhost:8280/template/v2/members/11/targets/1000000789/devices|POST|2019-05-10 22:01:50.825|2019-05-10 22:01:51.034|209|0:0:0:0:0:0:0:1|null
MasterAPI|API|HOST_NAME_IS_UNDEFINED|INFO|2019-05-10 22:05:47.582|2019-05-10|HOST_IP_IS_UNDEFINED|/template/v2/members/11/targets/1000000789/devices|http://localhost:8280/template/v2/members/11/targets/1000000789/devices|POST|2019-05-10 22:05:47.357|2019-05-10 22:05:47.582|225|0:0:0:0:0:0:0:1|null
MasterAPI|API|HOST_NAME_IS_UNDEFINED|INFO|2019-05-10 22:11:44.684|2019-05-10|HOST_IP_IS_UNDEFINED|/template/v2/members/11/targets/1000000789/devices|http://localhost:8280/template/v2/members/11/targets/1000000789/devices|POST|2019-05-10 22:07:19.175|2019-05-10 22:11:44.684|265509|0:0:0:0:0:0:0:1|null
MasterAPI|API|HOST_NAME_IS_UNDEFINED|INFO|2019-05-11 14:53:56.852|2019-05-11|HOST_IP_IS_UNDEFINED|/template/v2/members/11/targets/1000000789/devices|http://localhost:8280/template/v2/members/11/targets/1000000789/devices|POST|2019-05-11 14:53:29.445|2019-05-11 14:53:56.852|27407|0:0:0:0:0:0:0:1|null
MasterAPI|API|HOST_NAME_IS_UNDEFINED|INFO|2019-05-11 14:56:13.906|2019-05-11|HOST_IP_IS_UNDEFINED|/template/v2/members/11/targets/1000000789/devices|http://localhost:8280/template/v2/members/11/targets/1000000789/devices|POST|2019-05-11 14:55:51.897|2019-05-11 14:56:13.897|22000|0:0:0:0:0:0:0:1|null
MasterAPI|API|HOST_NAME_IS_UNDEFINED|INFO|2019-05-11 14:59:31.840|2019-05-11|HOST_IP_IS_UNDEFINED|/template/v2/members/11/targets/1000000789/devices|http://localhost:8280/template/v2/members/11/targets/1000000789/devices|POST|2019-05-11 14:59:31.623|2019-05-11 14:59:31.840|217|0:0:0:0:0:0:0:1|null
MasterAPI|API|HOST_NAME_IS_UNDEFINED|INFO|2019-05-11 15:00:23.112|2019-05-11|HOST_IP_IS_UNDEFINED|/template/v2/members/11/targets/1000000789/devices|http://localhost:8280/template/v2/members/11/targets/1000000789/devices|POST|2019-05-11 15:00:23.081|2019-05-11 15:00:23.112|31|0:0:0:0:0:0:0:1|null
MasterAPI|API|HOST_NAME_IS_UNDEFINED|INFO|2019-05-11 15:00:37.903|2019-05-11|HOST_IP_IS_UNDEFINED|/template/v2/members/11/targets/1000000789/devices|http://localhost:8280/template/v2/members/11/targets/1000000789/devices|POST|2019-05-11 15:00:37.895|2019-05-11 15:00:37.903|8|0:0:0:0:0:0:0:1|null
MasterAPI|API|HOST_NAME_IS_UNDEFINED|INFO|2019-05-11 15:00:38.853|2019-05-11|HOST_IP_IS_UNDEFINED|/template/v2/members/11/targets/1000000789/devices|http://localhost:8280/template/v2/members/11/targets/1000000789/devices|POST|2019-05-11 15:00:38.846|2019-05-11 15:00:38.852|6|0:0:0:0:0:0:0:1|null
MasterAPI|API|HOST_NAME_IS_UNDEFINED|INFO|2019-05-11 15:05:34.153|2019-05-11|HOST_IP_IS_UNDEFINED|/template/v2/members/11/targets/1000000789/devices|http://localhost:8280/template/v2/members/11/targets/1000000789/devices|POST|2019-05-11 15:05:33.966|2019-05-11 15:05:34.148|182|0:0:0:0:0:0:0:1|null
MasterAPI|API|HOST_NAME_IS_UNDEFINED|INFO|2019-05-11 15:05:40.247|2019-05-11|HOST_IP_IS_UNDEFINED|/template/v2/members/11/targets/1000000789/devices|http://localhost:8280/template/v2/members/11/targets/1000000789/devices|POST|2019-05-11 15:05:40.233|2019-05-11 15:05:40.246|13|0:0:0:0:0:0:0:1|null
MasterAPI|API|HOST_NAME_IS_UNDEFINED|INFO|2019-05-11 15:14:14.777|2019-05-11|HOST_IP_IS_UNDEFINED|/template/v2/members/11/targets/1000000789/devices|http://localhost:8280/template/v2/members/11/targets/1000000789/devices|POST|2019-05-11 15:14:14.545|2019-05-11 15:14:14.773|228|0:0:0:0:0:0:0:1|null
MasterAPI|API|HOST_NAME_IS_UNDEFINED|INFO|2019-05-11 15:18:38.442|2019-05-11|HOST_IP_IS_UNDEFINED|/template/v2/members/11/targets/1000000789/devices|http://localhost:8280/template/v2/members/11/targets/1000000789/devices|POST|2019-05-11 15:14:49.113|2019-05-11 15:18:38.438|229325|0:0:0:0:0:0:0:1|null
MasterAPI|API|HOST_NAME_IS_UNDEFINED|INFO|2019-05-11 15:46:07.517|2019-05-11|HOST_IP_IS_UNDEFINED|/template/v2/members/11/targets/1000000789/devices|http://localhost:8280/template/v2/members/11/targets/1000000789/devices|POST|2019-05-11 15:45:56.091|2019-05-11 15:46:07.517|11426|0:0:0:0:0:0:0:1|null
MasterAPI|API|HOST_NAME_IS_UNDEFINED|INFO|2019-05-11 15:47:25.579|2019-05-11|HOST_IP_IS_UNDEFINED|/template/v2/members/11/targets/1000000789/devices|http://localhost:8280/template/v2/members/11/targets/1000000789/devices|POST|2019-05-11 15:47:01.718|2019-05-11 15:47:25.579|23861|0:0:0:0:0:0:0:1|null
MasterAPI|API|HOST_NAME_IS_UNDEFINED|INFO|2019-05-11 15:51:39.415|2019-05-11|HOST_IP_IS_UNDEFINED|/template/v2/members/11/targets/1000000789/devices|http://localhost:8280/template/v2/members/11/targets/1000000789/devices|POST|2019-05-11 15:50:11.586|2019-05-11 15:51:39.415|87829|0:0:0:0:0:0:0:1|null
MasterAPI|API|HOST_NAME_IS_UNDEFINED|INFO|2019-05-11 15:52:15.097|2019-05-11|HOST_IP_IS_UNDEFINED|/template/v2/members/11/targets/1000000789/devices|http://localhost:8280/template/v2/members/11/targets/1000000789/devices|POST|2019-05-11 15:51:45.252|2019-05-11 15:52:15.097|29845|0:0:0:0:0:0:0:1|null
MasterAPI|API|HOST_NAME_IS_UNDEFINED|INFO|2019-05-11 15:55:10.622|2019-05-11|HOST_IP_IS_UNDEFINED|/template/v2/members/11/targets/1000000789/devices|http://localhost:8280/template/v2/members/11/targets/1000000789/devices|POST|2019-05-11 15:54:22.407|2019-05-11 15:55:10.622|48215|0:0:0:0:0:0:0:1|null
MasterAPI|API|HOST_NAME_IS_UNDEFINED|INFO|2019-05-11 16:06:32.008|2019-05-11|HOST_IP_IS_UNDEFINED|/template/v2/members/11/targets/1000000789/devices|http://localhost:8280/template/v2/members/11/targets/1000000789/devices|POST|2019-05-11 16:05:30.489|2019-05-11 16:06:32.004|61515|0:0:0:0:0:0:0:1|null
MasterAPI|API|HOST_NAME_IS_UNDEFINED|INFO|2019-05-11 16:07:15.718|2019-05-11|HOST_IP_IS_UNDEFINED|/template/v2/members/11/targets/1000000789/devices|http://localhost:8280/template/v2/members/11/targets/1000000789/devices|POST|2019-05-11 16:06:56.427|2019-05-11 16:07:15.710|19283|0:0:0:0:0:0:0:1|null
MasterAPI|API|HOST_NAME_IS_UNDEFINED|INFO|2019-05-11 16:17:08.761|2019-05-11|HOST_IP_IS_UNDEFINED|/template/v2/members/11/targets/1000000789/devices|http://localhost:8280/template/v2/members/11/targets/1000000789/devices|POST|2019-05-11 16:16:52.660|2019-05-11 16:17:08.761|16101|0:0:0:0:0:0:0:1|null
MasterAPI|API|HOST_NAME_IS_UNDEFINED|INFO|2019-05-11 16:17:38.806|2019-05-11|HOST_IP_IS_UNDEFINED|/template/v2/members/11/targets/1000000789/devices|http://localhost:8280/template/v2/members/11/targets/1000000789/devices|POST|2019-05-11 16:17:29.942|2019-05-11 16:17:38.806|8864|0:0:0:0:0:0:0:1|null
MasterAPI|API|HOST_NAME_IS_UNDEFINED|INFO|2019-05-11 16:19:14.643|2019-05-11|HOST_IP_IS_UNDEFINED|/template/v2/members/11/targets/1000000788/devices|http://localhost:8280/template/v2/members/11/targets/1000000788/devices|POST|2019-05-11 16:18:34.790|2019-05-11 16:19:14.642|39852|0:0:0:0:0:0:0:1|null
MasterAPI|API|HOST_NAME_IS_UNDEFINED|INFO|2019-05-11 16:21:16.627|2019-05-11|HOST_IP_IS_UNDEFINED|/template/v2/members/11/targets/1000000788/devices|http://localhost:8280/template/v2/members/11/targets/1000000788/devices|POST|2019-05-11 16:21:16.441|2019-05-11 16:21:16.627|186|0:0:0:0:0:0:0:1|null
MasterAPI|API|HOST_NAME_IS_UNDEFINED|INFO|2019-05-11 16:21:52.153|2019-05-11|HOST_IP_IS_UNDEFINED|/template/v2/members/11/targets/1000000788/devices|http://localhost:8280/template/v2/members/11/targets/1000000788/devices|POST|2019-05-11 16:21:52.106|2019-05-11 16:21:52.153|47|0:0:0:0:0:0:0:1|null
MasterAPI|API|HOST_NAME_IS_UNDEFINED|INFO|2019-05-11 16:25:05.334|2019-05-11|HOST_IP_IS_UNDEFINED|/template/v2/members/11/targets/1000000788/devices|http://localhost:8280/template/v2/members/11/targets/1000000788/devices|POST|2019-05-11 16:24:53.781|2019-05-11 16:25:05.334|11553|0:0:0:0:0:0:0:1|null
MasterAPI|API|HOST_NAME_IS_UNDEFINED|INFO|2019-05-11 16:25:35.912|2019-05-11|HOST_IP_IS_UNDEFINED|/template/v2/members/11/targets/1000000788/devices|http://localhost:8280/template/v2/members/11/targets/1000000788/devices|POST|2019-05-11 16:25:14.263|2019-05-11 16:25:35.912|21649|0:0:0:0:0:0:0:1|null
MasterAPI|API|HOST_NAME_IS_UNDEFINED|INFO|2019-05-11 18:34:24.263|2019-05-11|HOST_IP_IS_UNDEFINED||http://localhost:8280/template/swagger|GET|2019-05-11 18:34:24.215|2019-05-11 18:34:24.259|44|0:0:0:0:0:0:0:1|null
MasterAPI|API|HOST_NAME_IS_UNDEFINED|INFO|2019-05-11 18:34:24.496|2019-05-11|HOST_IP_IS_UNDEFINED|/template/v2/api|http://localhost:8280/template/v2/api-docs|GET|2019-05-11 18:34:24.398|2019-05-11 18:34:24.495|97|0:0:0:0:0:0:0:1|null
MasterAPI|API|HOST_NAME_IS_UNDEFINED|INFO|2019-05-11 18:34:32.613|2019-05-11|HOST_IP_IS_UNDEFINED|/template/v2/members/1/targets/1/devices|http://localhost:8280/template/v2/members/1/targets/1/devices|POST|2019-05-11 18:34:32.464|2019-05-11 18:34:32.613|149|0:0:0:0:0:0:0:1|null
MasterAPI|API|HOST_NAME_IS_UNDEFINED|INFO|2019-05-11 20:46:34.086|2019-05-11|HOST_IP_IS_UNDEFINED||http://localhost:8280/template/swagger|GET|2019-05-11 20:46:33.988|2019-05-11 20:46:34.080|92|0:0:0:0:0:0:0:1|null
MasterAPI|API|HOST_NAME_IS_UNDEFINED|INFO|2019-05-11 20:46:34.404|2019-05-11|HOST_IP_IS_UNDEFINED|/template/v2/api|http://localhost:8280/template/v2/api-docs|GET|2019-05-11 20:46:34.230|2019-05-11 20:46:34.404|174|0:0:0:0:0:0:0:1|null
MasterAPI|API|HOST_NAME_IS_UNDEFINED|INFO|2019-05-11 20:56:55.420|2019-05-11|HOST_IP_IS_UNDEFINED|/template/v2/api|http://localhost:8280/template/v2/api-docs|GET|2019-05-11 20:56:55.398|2019-05-11 20:56:55.419|21|0:0:0:0:0:0:0:1|null
MasterAPI|API|HOST_NAME_IS_UNDEFINED|INFO|2019-05-11 20:57:03.347|2019-05-11|HOST_IP_IS_UNDEFINED|/template/v2/members/1/targets/1/devices|http://localhost:8280/template/v2/members/1/targets/1/devices|POST|2019-05-11 20:57:03.043|2019-05-11 20:57:03.347|304|0:0:0:0:0:0:0:1|null
MasterAPI|API|HOST_NAME_IS_UNDEFINED|INFO|2019-05-14 11:28:39.336|2019-05-14|HOST_IP_IS_UNDEFINED||http://localhost:8180/template/swagger|GET|2019-05-14 11:28:39.268|2019-05-14 11:28:39.331|63|0:0:0:0:0:0:0:1|null
MasterAPI|API|HOST_NAME_IS_UNDEFINED|INFO|2019-05-14 11:28:40.983|2019-05-14|HOST_IP_IS_UNDEFINED|/template/v2/api|http://localhost:8180/template/v2/api-docs|GET|2019-05-14 11:28:40.836|2019-05-14 11:28:40.982|146|0:0:0:0:0:0:0:1|null
MasterAPI|API|HOST_NAME_IS_UNDEFINED|INFO|2019-05-14 11:30:41.266|2019-05-14|HOST_IP_IS_UNDEFINED|/template/v2/members/1/targets/1/devices|http://localhost:8180/template/v2/members/1/targets/1/devices|POST|2019-05-14 11:30:41.222|2019-05-14 11:30:41.266|44|0:0:0:0:0:0:0:1|null
MasterAPI|API|HOST_NAME_IS_UNDEFINED|INFO|2019-05-14 11:34:40.054|2019-05-14|HOST_IP_IS_UNDEFINED|/template/v2/members/1/targets/1/devices|http://localhost:8180/template/v2/members/1/targets/1/devices|POST|2019-05-14 11:33:18.042|2019-05-14 11:34:40.054|82012|0:0:0:0:0:0:0:1|null
MasterAPI|API|HOST_NAME_IS_UNDEFINED|INFO|2019-05-14 11:35:33.943|2019-05-14|HOST_IP_IS_UNDEFINED|/template/v2/members/1/targets/1/devices|http://localhost:8180/template/v2/members/1/targets/1/devices|POST|2019-05-14 11:35:30.085|2019-05-14 11:35:33.943|3858|0:0:0:0:0:0:0:1|null
MasterAPI|API|HOST_NAME_IS_UNDEFINED|INFO|2019-05-14 11:41:44.203|2019-05-14|HOST_IP_IS_UNDEFINED|/template/v2/members/1/targets/1/devices|http://localhost:8180/template/v2/members/1/targets/1/devices|POST|2019-05-14 11:41:13.573|2019-05-14 11:41:44.202|30629|0:0:0:0:0:0:0:1|null
MasterAPI|API|HOST_NAME_IS_UNDEFINED|INFO|2019-05-14 11:51:37.130|2019-05-14|HOST_IP_IS_UNDEFINED|/template/v2/members/1/targets/1/devices|http://localhost:8180/template/v2/members/1/targets/1/devices|POST|2019-05-14 11:50:53.749|2019-05-14 11:51:37.129|43380|0:0:0:0:0:0:0:1|null
MasterAPI|API|HOST_NAME_IS_UNDEFINED|INFO|2019-05-14 12:20:20.329|2019-05-14|HOST_IP_IS_UNDEFINED|/template/v2/members/1/targets/1/devices|http://localhost:8180/template/v2/members/1/targets/1/devices|POST|2019-05-14 12:19:54.366|2019-05-14 12:20:20.329|25963|0:0:0:0:0:0:0:1|null
MasterAPI|API|HOST_NAME_IS_UNDEFINED|INFO|2019-05-14 12:27:52.243|2019-05-14|HOST_IP_IS_UNDEFINED|/template/v2/members/1/targets/1/devices|http://localhost:8180/template/v2/members/1/targets/1/devices|POST|2019-05-14 12:27:34.830|2019-05-14 12:27:52.243|17413|0:0:0:0:0:0:0:1|null
MasterAPI|API|HOST_NAME_IS_UNDEFINED|INFO|2019-05-14 14:02:13.507|2019-05-14|HOST_IP_IS_UNDEFINED|/template/v2/members/1/targets/1/devices|http://localhost:8180/template/v2/members/1/targets/1/devices|POST|2019-05-14 12:29:18.851|2019-05-14 14:02:13.507|5574656|0:0:0:0:0:0:0:1|null
MasterAPI|API|HOST_NAME_IS_UNDEFINED|INFO|2019-05-14 14:07:28.618|2019-05-14|HOST_IP_IS_UNDEFINED|/template/v2/members/1/targets/1/devices|http://localhost:8180/template/v2/members/1/targets/1/devices|POST|2019-05-14 14:05:17.698|2019-05-14 14:07:28.618|130920|0:0:0:0:0:0:0:1|null
MasterAPI|API|HOST_NAME_IS_UNDEFINED|INFO|2019-05-14 14:14:12.047|2019-05-14|HOST_IP_IS_UNDEFINED|/template/v2/members/1/targets/1/devices|http://localhost:8180/template/v2/members/1/targets/1/devices|POST|2019-05-14 14:14:11.694|2019-05-14 14:14:12.042|348|0:0:0:0:0:0:0:1|null
MasterAPI|API|HOST_NAME_IS_UNDEFINED|INFO|2019-05-14 14:15:23.905|2019-05-14|HOST_IP_IS_UNDEFINED|/template/v2/members/1/targets/1/devices|http://localhost:8180/template/v2/members/1/targets/1/devices|POST|2019-05-14 14:14:36.170|2019-05-14 14:15:23.905|47735|0:0:0:0:0:0:0:1|null
MasterAPI|API|HOST_NAME_IS_UNDEFINED|INFO|2019-05-14 14:16:21.623|2019-05-14|HOST_IP_IS_UNDEFINED|/template/v2/members/1/targets/1/devices|http://localhost:8180/template/v2/members/1/targets/1/devices|POST|2019-05-14 14:15:28.361|2019-05-14 14:16:21.623|53262|0:0:0:0:0:0:0:1|null
MasterAPI|API|HOST_NAME_IS_UNDEFINED|INFO|2019-05-14 19:35:12.122|2019-05-14|HOST_IP_IS_UNDEFINED||http://localhost:8280/template/swagger|GET|2019-05-14 19:35:12.058|2019-05-14 19:35:12.118|60|0:0:0:0:0:0:0:1|null
MasterAPI|API|HOST_NAME_IS_UNDEFINED|INFO|2019-05-14 19:35:13.669|2019-05-14|HOST_IP_IS_UNDEFINED|/template/v2/api|http://localhost:8280/template/v2/api-docs|GET|2019-05-14 19:35:13.565|2019-05-14 19:35:13.669|104|0:0:0:0:0:0:0:1|null
MasterAPI|API|HOST_NAME_IS_UNDEFINED|INFO|2019-05-14 19:46:00.444|2019-05-14|HOST_IP_IS_UNDEFINED|/template/v2/members/1/targets/1/devices|http://localhost:8280/template/v2/members/1/targets/1/devices|POST|2019-05-14 19:46:00.356|2019-05-14 19:46:00.444|88|0:0:0:0:0:0:0:1|null
MasterAPI|API|HOST_NAME_IS_UNDEFINED|INFO|2019-05-14 19:53:37.900|2019-05-14|HOST_IP_IS_UNDEFINED|/template/v2/members/1/targets/1/devices|http://localhost:8280/template/v2/members/1/targets/1/devices|POST|2019-05-14 19:46:17.898|2019-05-14 19:53:37.900|440002|0:0:0:0:0:0:0:1|null
MasterAPI|API|HOST_NAME_IS_UNDEFINED|INFO|2019-05-14 20:04:55.611|2019-05-14|HOST_IP_IS_UNDEFINED|/template/v2/members/123/targets/1/devices|http://localhost:8280/template/v2/members/123/targets/1/devices|POST|2019-05-14 20:04:55.297|2019-05-14 20:04:55.611|314|0:0:0:0:0:0:0:1|null
MasterAPI|API|HOST_NAME_IS_UNDEFINED|INFO|2019-05-14 20:05:50.702|2019-05-14|HOST_IP_IS_UNDEFINED|/template/v2/members/123/targets/1/devices|http://localhost:8280/template/v2/members/123/targets/1/devices|POST|2019-05-14 20:05:50.336|2019-05-14 20:05:50.702|366|0:0:0:0:0:0:0:1|null
MasterAPI|API|HOST_NAME_IS_UNDEFINED|INFO|2019-05-14 20:06:16.593|2019-05-14|HOST_IP_IS_UNDEFINED|/template/v2/members/123/targets/1/devices|http://localhost:8280/template/v2/members/123/targets/1/devices|POST|2019-05-14 20:06:16.304|2019-05-14 20:06:16.592|288|0:0:0:0:0:0:0:1|null
MasterAPI|API|HOST_NAME_IS_UNDEFINED|INFO|2019-05-14 20:08:07.217|2019-05-14|HOST_IP_IS_UNDEFINED|/template/v2/members/123/targets/1/devices|http://localhost:8280/template/v2/members/123/targets/1/devices|POST|2019-05-14 20:07:02.852|2019-05-14 20:08:07.217|64365|0:0:0:0:0:0:0:1|null
MasterAPI|API|HOST_NAME_IS_UNDEFINED|INFO|2019-05-14 21:13:49.445|2019-05-14|HOST_IP_IS_UNDEFINED||http://localhost:8280/template/error|POST|2019-05-14 21:13:49.371|2019-05-14 21:13:49.439|68|0:0:0:0:0:0:0:1|null
MasterAPI|API|HOST_NAME_IS_UNDEFINED|INFO|2019-05-14 21:45:06.948|2019-05-14|HOST_IP_IS_UNDEFINED|/template/v2/members/123/targets/1/devices|http://localhost:8280/template/v2/members/123/targets/1/devices|POST|2019-05-14 21:42:33.161|2019-05-14 21:45:06.944|153783|0:0:0:0:0:0:0:1|null
MasterAPI|API|HOST_NAME_IS_UNDEFINED|INFO|2019-05-14 21:47:47.186|2019-05-14|HOST_IP_IS_UNDEFINED|/template/v2/externals/OPEN_HTTP_001PTL001_1000000346/devices/d770a77e|http://localhost:8280/template/v2/externals/OPEN_HTTP_001PTL001_1000000346/devices/d770a77e-fc9c-48a7-af16-a4fa7e656166/simple|GET|2019-05-14 21:47:47.175|2019-05-14 21:47:47.185|10|0:0:0:0:0:0:0:1|null
MasterAPI|API|HOST_NAME_IS_UNDEFINED|INFO|2019-05-14 21:50:40.330|2019-05-14|HOST_IP_IS_UNDEFINED|/template/v2/externals/OPEN_HTTP_001PTL001_1000000346/devices/d770a77e|http://localhost:8280/template/v2/externals/OPEN_HTTP_001PTL001_1000000346/devices/d770a77e-fc9c-48a7-af16-a4fa7e656166/simple|GET|2019-05-14 21:50:01.456|2019-05-14 21:50:40.323|38867|0:0:0:0:0:0:0:1|null
MasterAPI|API|HOST_NAME_IS_UNDEFINED|INFO|2019-05-14 21:52:09.925|2019-05-14|HOST_IP_IS_UNDEFINED|/template/v2/externals/OPEN_HTTP_001PTL001_1000000346/devices/d770a77e|http://localhost:8280/template/v2/externals/OPEN_HTTP_001PTL001_1000000346/devices/d770a77e-fc9c-48a7-af16-a4fa7e656166/simple|GET|2019-05-14 21:51:38.327|2019-05-14 21:52:09.925|31598|0:0:0:0:0:0:0:1|null
MasterAPI|API|HOST_NAME_IS_UNDEFINED|INFO|2019-05-14 21:52:27.629|2019-05-14|HOST_IP_IS_UNDEFINED|/template/v2/members/123/targets/1/devices|http://localhost:8280/template/v2/members/123/targets/1/devices|POST|2019-05-14 21:52:20.947|2019-05-14 21:52:27.629|6682|0:0:0:0:0:0:0:1|null
MasterAPI|API|HOST_NAME_IS_UNDEFINED|INFO|2019-05-14 21:54:00.199|2019-05-14|HOST_IP_IS_UNDEFINED|/template/v2/members/123/targets/1/devices|http://localhost:8280/template/v2/members/123/targets/1/devices|POST|2019-05-14 21:53:29.205|2019-05-14 21:54:00.195|30990|0:0:0:0:0:0:0:1|null
MasterAPI|API|HOST_NAME_IS_UNDEFINED|INFO|2019-05-14 21:54:19.726|2019-05-14|HOST_IP_IS_UNDEFINED|/template/v2/externals/OPEN_HTTP_001PTL001_1000000346/devices/d770a77e|http://localhost:8280/template/v2/externals/OPEN_HTTP_001PTL001_1000000346/devices/d770a77e-fc9c-48a7-af16-a4fa7e656166/simple|GET|2019-05-14 21:54:06.747|2019-05-14 21:54:19.726|12979|0:0:0:0:0:0:0:1|null
MasterAPI|API|HOST_NAME_IS_UNDEFINED|INFO|2019-05-14 22:00:15.860|2019-05-14|HOST_IP_IS_UNDEFINED|/template/v2/externals/OPEN_HTTP_001PTL001_1000000346/devices/d770a77e|http://localhost:8280/template/v2/externals/OPEN_HTTP_001PTL001_1000000346/devices/d770a77e-fc9c-48a7-af16-a4fa7e656166/simple|GET|2019-05-14 21:57:15.104|2019-05-14 22:00:15.860|180756|0:0:0:0:0:0:0:1|null
MasterAPI|API|HOST_NAME_IS_UNDEFINED|INFO|2019-05-14 22:09:16.151|2019-05-14|HOST_IP_IS_UNDEFINED|/template/v2/externals/OPEN_HTTP_001PTL001_1000000346/devices/d770a77e|http://localhost:8280/template/v2/externals/OPEN_HTTP_001PTL001_1000000346/devices/d770a77e-fc9c-48a7-af16-a4fa7e656166/simple|GET|2019-05-14 22:01:23.992|2019-05-14 22:09:16.151|472159|0:0:0:0:0:0:0:1|null
MasterAPI|API|HOST_NAME_IS_UNDEFINED|INFO|2019-05-14 22:13:47.903|2019-05-14|HOST_IP_IS_UNDEFINED|/template/v2/externals/OPEN_HTTP_001PTL001_1000000346/devices/d770a77e|http://localhost:8280/template/v2/externals/OPEN_HTTP_001PTL001_1000000346/devices/d770a77e-fc9c-48a7-af16-a4fa7e656166/simple|GET|2019-05-14 22:13:47.757|2019-05-14 22:13:47.903|146|0:0:0:0:0:0:0:1|null
MasterAPI|API|HOST_NAME_IS_UNDEFINED|INFO|2019-05-14 22:26:56.944|2019-05-14|HOST_IP_IS_UNDEFINED|/template/v2/members/123/targets/1/devices|http://localhost:8280/template/v2/members/123/targets/1/devices|POST|2019-05-14 22:26:19.426|2019-05-14 22:26:56.944|37518|0:0:0:0:0:0:0:1|null
MasterAPI|API|HOST_NAME_IS_UNDEFINED|INFO|2019-05-14 22:27:20.820|2019-05-14|HOST_IP_IS_UNDEFINED|/template/v2/members/123/targets/1/devices|http://localhost:8280/template/v2/members/123/targets/1/devices|POST|2019-05-14 22:27:00.940|2019-05-14 22:27:20.820|19880|0:0:0:0:0:0:0:1|null
MasterAPI|API|HOST_NAME_IS_UNDEFINED|INFO|2019-05-14 22:29:00.928|2019-05-14|HOST_IP_IS_UNDEFINED|/template/v2/members/123/targets/1/devices|http://localhost:8280/template/v2/members/123/targets/1/devices|POST|2019-05-14 22:28:04.386|2019-05-14 22:29:00.927|56541|0:0:0:0:0:0:0:1|null
MasterAPI|API|HOST_NAME_IS_UNDEFINED|INFO|2019-05-14 22:32:51.844|2019-05-14|HOST_IP_IS_UNDEFINED|/template/v2/externals/OPEN_HTTP_001PTL001_1000000346/devices/d770a77e|http://localhost:8280/template/v2/externals/OPEN_HTTP_001PTL001_1000000346/devices/d770a77e-fc9c-48a7-af16-a4fa7e656166/simple|GET|2019-05-14 22:29:06.229|2019-05-14 22:32:51.836|225607|0:0:0:0:0:0:0:1|null
MasterAPI|API|HOST_NAME_IS_UNDEFINED|INFO|2019-05-14 22:36:26.900|2019-05-14|HOST_IP_IS_UNDEFINED|/template/v2/externals/OPEN_HTTP_001PTL001_1000000346/devices/d770a77e|http://localhost:8280/template/v2/externals/OPEN_HTTP_001PTL001_1000000346/devices/d770a77e-fc9c-48a7-af16-a4fa7e656166/simple|GET|2019-05-14 22:33:40.247|2019-05-14 22:36:26.899|166652|0:0:0:0:0:0:0:1|null
MasterAPI|API|HOST_NAME_IS_UNDEFINED|INFO|2019-05-14 22:40:08.615|2019-05-14|HOST_IP_IS_UNDEFINED|/template/v2/externals/OPEN_HTTP_001PTL001_1000000346/devices/d770a77e|http://localhost:8280/template/v2/externals/OPEN_HTTP_001PTL001_1000000346/devices/d770a77e-fc9c-48a7-af16-a4fa7e656166/simple|GET|2019-05-14 22:39:43.833|2019-05-14 22:40:08.615|24782|0:0:0:0:0:0:0:1|null
MasterAPI|API|HOST_NAME_IS_UNDEFINED|INFO|2019-05-14 22:41:55.918|2019-05-14|HOST_IP_IS_UNDEFINED|/template/v2/members/123/targets/1/devices|http://localhost:8280/template/v2/members/123/targets/1/devices|POST|2019-05-14 22:41:52.222|2019-05-14 22:41:55.917|3695|0:0:0:0:0:0:0:1|null
MasterAPI|API|HOST_NAME_IS_UNDEFINED|INFO|2019-05-14 22:45:25.366|2019-05-14|HOST_IP_IS_UNDEFINED|/template/v2/externals/OPEN_HTTP_001PTL001_1000000346/devices/1/simple|http://localhost:8280/template/v2/externals/OPEN_HTTP_001PTL001_1000000346/devices/1/simple|GET|2019-05-14 22:43:51.177|2019-05-14 22:45:25.366|94189|0:0:0:0:0:0:0:1|null
MasterAPI|API|HOST_NAME_IS_UNDEFINED|INFO|2019-05-14 22:47:53.462|2019-05-14|HOST_IP_IS_UNDEFINED|/template/v2/members/123/targets/1/devices|http://localhost:8280/template/v2/members/123/targets/1/devices|POST|2019-05-14 22:46:57.129|2019-05-14 22:47:53.462|56333|0:0:0:0:0:0:0:1|null
MasterAPI|API|HOST_NAME_IS_UNDEFINED|INFO|2019-05-14 22:48:47.628|2019-05-14|HOST_IP_IS_UNDEFINED|/template/v2/externals/OPEN_HTTP_001PTL001_1000000346/devices/1/simple|http://localhost:8280/template/v2/externals/OPEN_HTTP_001PTL001_1000000346/devices/1/simple|GET|2019-05-14 22:48:11.776|2019-05-14 22:48:47.628|35852|0:0:0:0:0:0:0:1|null
MasterAPI|API|HOST_NAME_IS_UNDEFINED|INFO|2019-05-14 22:49:06.430|2019-05-14|HOST_IP_IS_UNDEFINED|/template/v2/members/123/targets/1/devices|http://localhost:8280/template/v2/members/123/targets/1/devices|POST|2019-05-14 22:48:53.232|2019-05-14 22:49:06.430|13198|0:0:0:0:0:0:0:1|null
MasterAPI|API|HOST_NAME_IS_UNDEFINED|INFO|2019-05-14 22:49:26.408|2019-05-14|HOST_IP_IS_UNDEFINED|/template/v2/externals/OPEN_HTTP_001PTL001_1000000346/devices/1/simple|http://localhost:8280/template/v2/externals/OPEN_HTTP_001PTL001_1000000346/devices/1/simple|GET|2019-05-14 22:49:12.025|2019-05-14 22:49:26.408|14383|0:0:0:0:0:0:0:1|null
