DEBUG 2019-05-05 20:35:15.780 [main] org.springframework.boot.context.logging.ClasspathLoggingApplicationListener : Application failed to start with classpath: [file:/C:/Users/USER/git/masterapi/target/classes/, file:/C:/Users/USER/.m2/repository/org/springframework/boot/spring-boot-starter/2.1.4.RELEASE/spring-boot-starter-2.1.4.RELEASE.jar, file:/C:/Users/USER/.m2/repository/org/springframework/boot/spring-boot/2.1.4.RELEASE/spring-boot-2.1.4.RELEASE.jar, file:/C:/Users/USER/.m2/repository/org/springframework/boot/spring-boot-autoconfigure/2.1.4.RELEASE/spring-boot-autoconfigure-2.1.4.RELEASE.jar, file:/C:/Users/USER/.m2/repository/org/springframework/boot/spring-boot-starter-logging/2.1.4.RELEASE/spring-boot-starter-logging-2.1.4.RELEASE.jar, file:/C:/Users/USER/.m2/repository/ch/qos/logback/logback-classic/1.2.3/logback-classic-1.2.3.jar, file:/C:/Users/USER/.m2/repository/ch/qos/logback/logback-core/1.2.3/logback-core-1.2.3.jar, file:/C:/Users/USER/.m2/repository/org/apache/logging/log4j/log4j-to-slf4j/2.11.2/log4j-to-slf4j-2.11.2.jar, file:/C:/Users/USER/.m2/repository/org/apache/logging/log4j/log4j-api/2.11.2/log4j-api-2.11.2.jar, file:/C:/Users/USER/.m2/repository/org/slf4j/jul-to-slf4j/1.7.26/jul-to-slf4j-1.7.26.jar, file:/C:/Users/USER/.m2/repository/javax/annotation/javax.annotation-api/1.3.2/javax.annotation-api-1.3.2.jar, file:/C:/Users/USER/.m2/repository/org/springframework/spring-core/5.1.6.RELEASE/spring-core-5.1.6.RELEASE.jar, file:/C:/Users/USER/.m2/repository/org/springframework/spring-jcl/5.1.6.RELEASE/spring-jcl-5.1.6.RELEASE.jar, file:/C:/Users/USER/.m2/repository/org/yaml/snakeyaml/1.23/snakeyaml-1.23.jar, file:/C:/Users/USER/.m2/repository/org/springframework/boot/spring-boot-starter-web/2.1.4.RELEASE/spring-boot-starter-web-2.1.4.RELEASE.jar, file:/C:/Users/USER/.m2/repository/org/springframework/boot/spring-boot-starter-json/2.1.4.RELEASE/spring-boot-starter-json-2.1.4.RELEASE.jar, file:/C:/Users/USER/.m2/repository/com/fasterxml/jackson/core/jackson-databind/2.9.8/jackson-databind-2.9.8.jar, file:/C:/Users/USER/.m2/repository/com/fasterxml/jackson/core/jackson-core/2.9.8/jackson-core-2.9.8.jar, file:/C:/Users/USER/.m2/repository/com/fasterxml/jackson/datatype/jackson-datatype-jdk8/2.9.8/jackson-datatype-jdk8-2.9.8.jar, file:/C:/Users/USER/.m2/repository/com/fasterxml/jackson/datatype/jackson-datatype-jsr310/2.9.8/jackson-datatype-jsr310-2.9.8.jar, file:/C:/Users/USER/.m2/repository/com/fasterxml/jackson/module/jackson-module-parameter-names/2.9.8/jackson-module-parameter-names-2.9.8.jar, file:/C:/Users/USER/.m2/repository/org/hibernate/validator/hibernate-validator/6.0.16.Final/hibernate-validator-6.0.16.Final.jar, file:/C:/Users/USER/.m2/repository/javax/validation/validation-api/2.0.1.Final/validation-api-2.0.1.Final.jar, file:/C:/Users/USER/.m2/repository/org/jboss/logging/jboss-logging/3.3.2.Final/jboss-logging-3.3.2.Final.jar, file:/C:/Users/USER/.m2/repository/org/springframework/spring-web/5.1.6.RELEASE/spring-web-5.1.6.RELEASE.jar, file:/C:/Users/USER/.m2/repository/org/springframework/spring-beans/5.1.6.RELEASE/spring-beans-5.1.6.RELEASE.jar, file:/C:/Users/USER/.m2/repository/org/springframework/spring-webmvc/5.1.6.RELEASE/spring-webmvc-5.1.6.RELEASE.jar, file:/C:/Users/USER/.m2/repository/org/springframework/spring-expression/5.1.6.RELEASE/spring-expression-5.1.6.RELEASE.jar, file:/C:/Users/USER/.m2/repository/org/springframework/boot/spring-boot-starter-jdbc/2.1.4.RELEASE/spring-boot-starter-jdbc-2.1.4.RELEASE.jar, file:/C:/Users/USER/.m2/repository/com/zaxxer/HikariCP/3.2.0/HikariCP-3.2.0.jar, file:/C:/Users/USER/.m2/repository/org/springframework/spring-jdbc/5.1.6.RELEASE/spring-jdbc-5.1.6.RELEASE.jar, file:/C:/Users/USER/.m2/repository/org/springframework/spring-test/5.1.6.RELEASE/spring-test-5.1.6.RELEASE.jar, file:/C:/Users/USER/.m2/repository/org/springframework/boot/spring-boot-starter-tomcat/2.1.4.RELEASE/spring-boot-starter-tomcat-2.1.4.RELEASE.jar, file:/C:/Users/USER/.m2/repository/org/apache/tomcat/embed/tomcat-embed-core/9.0.17/tomcat-embed-core-9.0.17.jar, file:/C:/Users/USER/.m2/repository/org/apache/tomcat/embed/tomcat-embed-el/9.0.17/tomcat-embed-el-9.0.17.jar, file:/C:/Users/USER/.m2/repository/org/apache/tomcat/embed/tomcat-embed-websocket/9.0.17/tomcat-embed-websocket-9.0.17.jar, file:/C:/Users/USER/.m2/repository/org/mybatis/mybatis/3.2.8/mybatis-3.2.8.jar, file:/C:/Users/USER/.m2/repository/org/mybatis/mybatis-spring/1.2.2/mybatis-spring-1.2.2.jar, file:/C:/Users/USER/.m2/repository/org/apache/kafka/kafka_2.10/0.8.2.0/kafka_2.10-0.8.2.0.jar, file:/C:/Users/USER/.m2/repository/org/apache/kafka/kafka-clients/2.0.1/kafka-clients-2.0.1.jar, file:/C:/Users/USER/.m2/repository/org/lz4/lz4-java/1.4.1/lz4-java-1.4.1.jar, file:/C:/Users/USER/.m2/repository/org/xerial/snappy/snappy-java/1.1.7.1/snappy-java-1.1.7.1.jar, file:/C:/Users/USER/.m2/repository/com/yammer/metrics/metrics-core/2.2.0/metrics-core-2.2.0.jar, file:/C:/Users/USER/.m2/repository/org/scala-lang/scala-library/2.10.4/scala-library-2.10.4.jar, file:/C:/Users/USER/.m2/repository/org/apache/zookeeper/zookeeper/3.4.6/zookeeper-3.4.6.jar, file:/C:/Users/USER/.m2/repository/log4j/log4j/1.2.16/log4j-1.2.16.jar, file:/C:/Users/USER/.m2/repository/jline/jline/0.9.94/jline-0.9.94.jar, file:/C:/Users/USER/.m2/repository/io/netty/netty/3.7.0.Final/netty-3.7.0.Final.jar, file:/C:/Users/USER/.m2/repository/net/sf/jopt-simple/jopt-simple/3.2/jopt-simple-3.2.jar, file:/C:/Users/USER/.m2/repository/com/101tec/zkclient/0.3/zkclient-0.3.jar, file:/C:/Users/USER/.m2/repository/org/sonarsource/scanner/maven/sonar-maven-plugin/3.6.0.1398/sonar-maven-plugin-3.6.0.1398.jar, file:/C:/Users/USER/.m2/repository/org/sonatype/plexus/plexus-sec-dispatcher/1.4/plexus-sec-dispatcher-1.4.jar, file:/C:/Users/USER/.m2/repository/org/sonatype/plexus/plexus-cipher/1.4/plexus-cipher-1.4.jar, file:/C:/Users/USER/.m2/repository/org/codehaus/plexus/plexus-utils/3.0.22/plexus-utils-3.0.22.jar, file:/C:/Users/USER/.m2/repository/org/sonarsource/scanner/api/sonar-scanner-api/2.12.0.1661/sonar-scanner-api-2.12.0.1661.jar, file:/C:/Users/USER/.m2/repository/org/apache/camel/camel-core/2.14.1/camel-core-2.14.1.jar, file:/C:/Users/USER/.m2/repository/org/slf4j/slf4j-api/1.7.26/slf4j-api-1.7.26.jar, file:/C:/Users/USER/.m2/repository/com/sun/xml/bind/jaxb-impl/2.2.7/jaxb-impl-2.2.7.jar, file:/C:/Users/USER/.m2/repository/com/sun/xml/bind/jaxb-core/2.2.7/jaxb-core-2.2.7.jar, file:/C:/Users/USER/.m2/repository/javax/xml/bind/jaxb-api/2.3.1/jaxb-api-2.3.1.jar, file:/C:/Users/USER/.m2/repository/javax/activation/javax.activation-api/1.2.0/javax.activation-api-1.2.0.jar, file:/C:/Users/USER/.m2/repository/com/sun/istack/istack-commons-runtime/2.16/istack-commons-runtime-2.16.jar, file:/C:/Users/USER/.m2/repository/com/sun/xml/fastinfoset/FastInfoset/1.2.12/FastInfoset-1.2.12.jar, file:/C:/Users/USER/.m2/repository/javax/xml/bind/jsr173_api/1.0/jsr173_api-1.0.jar, file:/C:/Users/USER/.m2/repository/org/apache/camel/camel-spring/2.14.1/camel-spring-2.14.1.jar, file:/C:/Users/USER/.m2/repository/org/springframework/spring-context/5.1.6.RELEASE/spring-context-5.1.6.RELEASE.jar, file:/C:/Users/USER/.m2/repository/org/springframework/spring-aop/5.1.6.RELEASE/spring-aop-5.1.6.RELEASE.jar, file:/C:/Users/USER/.m2/repository/org/springframework/spring-tx/5.1.6.RELEASE/spring-tx-5.1.6.RELEASE.jar, file:/C:/Users/USER/.m2/repository/org/apache/camel/camel-spring-javaconfig/2.14.1/camel-spring-javaconfig-2.14.1.jar, file:/C:/Users/USER/.m2/repository/org/apache/servicemix/bundles/org.apache.servicemix.bundles.cglib/2.1_3_7/org.apache.servicemix.bundles.cglib-2.1_3_7.jar, file:/C:/Users/USER/.m2/repository/org/postgresql/postgresql/9.4-1200-jdbc41/postgresql-9.4-1200-jdbc41.jar, file:/C:/Users/USER/.m2/repository/com/github/dblock/waffle/waffle-jna/1.7/waffle-jna-1.7.jar, file:/C:/Users/USER/.m2/repository/net/java/dev/jna/jna/4.5.2/jna-4.5.2.jar, file:/C:/Users/USER/.m2/repository/net/java/dev/jna/jna-platform/4.5.2/jna-platform-4.5.2.jar, file:/C:/Users/USER/.m2/repository/org/apache/commons/commons-dbcp2/2.5.0/commons-dbcp2-2.5.0.jar, file:/C:/Users/USER/.m2/repository/org/apache/commons/commons-pool2/2.6.1/commons-pool2-2.6.1.jar, file:/C:/Users/USER/.m2/repository/com/thetransactioncompany/cors-filter/2.3/cors-filter-2.3.jar, file:/C:/Users/USER/.m2/repository/com/thetransactioncompany/java-property-utils/1.9.1/java-property-utils-1.9.1.jar, file:/C:/Users/USER/.m2/repository/commons-lang/commons-lang/2.6/commons-lang-2.6.jar, file:/C:/Users/USER/.m2/repository/joda-time/joda-time/2.8.1/joda-time-2.8.1.jar, file:/C:/Users/USER/.m2/repository/org/springframework/security/spring-security-jwt/1.0.3.RELEASE/spring-security-jwt-1.0.3.RELEASE.jar, file:/C:/Users/USER/.m2/repository/org/bouncycastle/bcpkix-jdk15on/1.47/bcpkix-jdk15on-1.47.jar, file:/C:/Users/USER/.m2/repository/org/bouncycastle/bcprov-jdk15on/1.47/bcprov-jdk15on-1.47.jar, file:/C:/Users/USER/.m2/repository/com/google/code/gson/gson/2.8.2/gson-2.8.2.jar, file:/C:/Users/USER/.m2/repository/com/googlecode/json-simple/json-simple/1.1.1/json-simple-1.1.1.jar, file:/C:/Users/USER/.m2/repository/commons-fileupload/commons-fileupload/1.3.1/commons-fileupload-1.3.1.jar, file:/C:/Users/USER/.m2/repository/commons-io/commons-io/2.2/commons-io-2.2.jar, file:/C:/Users/USER/.m2/repository/org/apache/commons/commons-lang3/3.3.2/commons-lang3-3.3.2.jar, file:/C:/Users/USER/.m2/repository/org/apache/commons/commons-collections4/4.0/commons-collections4-4.0.jar, file:/C:/Users/USER/.m2/repository/commons-httpclient/commons-httpclient/3.1/commons-httpclient-3.1.jar, file:/C:/Users/USER/.m2/repository/commons-logging/commons-logging/1.0.4/commons-logging-1.0.4.jar, file:/C:/Users/USER/.m2/repository/commons-codec/commons-codec/1.11/commons-codec-1.11.jar, file:/C:/Users/USER/.m2/repository/io/springfox/springfox-swagger2/2.2.2/springfox-swagger2-2.2.2.jar, file:/C:/Users/USER/.m2/repository/org/mapstruct/mapstruct/1.0.0.CR1/mapstruct-1.0.0.CR1.jar, file:/C:/Users/USER/.m2/repository/io/swagger/swagger-annotations/1.5.3/swagger-annotations-1.5.3.jar, file:/C:/Users/USER/.m2/repository/io/swagger/swagger-models/1.5.3/swagger-models-1.5.3.jar, file:/C:/Users/USER/.m2/repository/com/fasterxml/jackson/core/jackson-annotations/2.9.0/jackson-annotations-2.9.0.jar, file:/C:/Users/USER/.m2/repository/io/springfox/springfox-spi/2.2.2/springfox-spi-2.2.2.jar, file:/C:/Users/USER/.m2/repository/io/springfox/springfox-core/2.2.2/springfox-core-2.2.2.jar, file:/C:/Users/USER/.m2/repository/io/springfox/springfox-schema/2.2.2/springfox-schema-2.2.2.jar, file:/C:/Users/USER/.m2/repository/io/springfox/springfox-swagger-common/2.2.2/springfox-swagger-common-2.2.2.jar, file:/C:/Users/USER/.m2/repository/io/springfox/springfox-spring-web/2.2.2/springfox-spring-web-2.2.2.jar, file:/C:/Users/USER/.m2/repository/com/google/guava/guava/18.0/guava-18.0.jar, file:/C:/Users/USER/.m2/repository/com/fasterxml/classmate/1.4.0/classmate-1.4.0.jar, file:/C:/Users/USER/.m2/repository/org/aspectj/aspectjrt/1.9.2/aspectjrt-1.9.2.jar, file:/C:/Users/USER/.m2/repository/org/aspectj/aspectjweaver/1.9.2/aspectjweaver-1.9.2.jar, file:/C:/Users/USER/.m2/repository/org/springframework/plugin/spring-plugin-core/1.2.0.RELEASE/spring-plugin-core-1.2.0.RELEASE.jar, file:/C:/Users/USER/.m2/repository/org/springframework/plugin/spring-plugin-metadata/1.2.0.RELEASE/spring-plugin-metadata-1.2.0.RELEASE.jar, file:/C:/Users/USER/.m2/repository/org/springframework/hateoas/spring-hateoas/0.25.1.RELEASE/spring-hateoas-0.25.1.RELEASE.jar, file:/C:/Users/USER/.m2/repository/io/springfox/springfox-swagger-ui/2.2.2/springfox-swagger-ui-2.2.2.jar, file:/C:/Users/USER/.m2/repository/javax/inject/javax.inject/1/javax.inject-1.jar, file:/C:/Users/USER/.m2/repository/com/googlecode/log4jdbc/log4jdbc/1.2/log4jdbc-1.2.jar]
DEBUG 2019-05-05 20:35:15.852 [background-preinit] org.hibernate.validator.messageinterpolation.ResourceBundleMessageInterpolator : Loaded expression factory via original TCCL
DEBUG 2019-05-05 20:35:15.856 [background-preinit] org.hibernate.validator.internal.engine.ValidatorFactoryImpl : HV000234: Using org.hibernate.validator.messageinterpolation.ResourceBundleMessageInterpolator as ValidatorFactory-scoped message interpolator.
DEBUG 2019-05-05 20:35:15.857 [background-preinit] org.hibernate.validator.internal.engine.ValidatorFactoryImpl : HV000234: Using org.hibernate.validator.internal.engine.resolver.TraverseAllTraversableResolver as ValidatorFactory-scoped traversable resolver.
DEBUG 2019-05-05 20:35:15.857 [background-preinit] org.hibernate.validator.internal.engine.ValidatorFactoryImpl : HV000234: Using org.hibernate.validator.internal.util.ExecutableParameterNameProvider as ValidatorFactory-scoped parameter name provider.
DEBUG 2019-05-05 20:35:15.857 [background-preinit] org.hibernate.validator.internal.engine.ValidatorFactoryImpl : HV000234: Using org.hibernate.validator.internal.engine.DefaultClockProvider as ValidatorFactory-scoped clock provider.
DEBUG 2019-05-05 20:35:15.857 [background-preinit] org.hibernate.validator.internal.engine.ValidatorFactoryImpl : HV000234: Using org.hibernate.validator.internal.engine.scripting.DefaultScriptEvaluatorFactory as ValidatorFactory-scoped script evaluator factory.
ERROR 2019-05-05 20:35:16.027 [main] org.springframework.boot.SpringApplication : Application run failed
java.lang.IllegalStateException: Logback configuration error detected: 
ERROR in ch.qos.logback.core.joran.action.PropertyAction - Could not find properties file [properties.path_IS_UNDEFINED/application.properties].
	at org.springframework.boot.logging.logback.LogbackLoggingSystem.loadConfiguration(LogbackLoggingSystem.java:169)
	at org.springframework.boot.logging.logback.LogbackLoggingSystem.reinitialize(LogbackLoggingSystem.java:224)
	at org.springframework.boot.logging.AbstractLoggingSystem.initializeWithConventions(AbstractLoggingSystem.java:75)
	at org.springframework.boot.logging.AbstractLoggingSystem.initialize(AbstractLoggingSystem.java:60)
	at org.springframework.boot.logging.logback.LogbackLoggingSystem.initialize(LogbackLoggingSystem.java:117)
	at org.springframework.boot.context.logging.LoggingApplicationListener.initializeSystem(LoggingApplicationListener.java:292)
	at org.springframework.boot.context.logging.LoggingApplicationListener.initialize(LoggingApplicationListener.java:265)
	at org.springframework.boot.context.logging.LoggingApplicationListener.onApplicationEnvironmentPreparedEvent(LoggingApplicationListener.java:228)
	at org.springframework.boot.context.logging.LoggingApplicationListener.onApplicationEvent(LoggingApplicationListener.java:201)
	at org.springframework.context.event.SimpleApplicationEventMulticaster.doInvokeListener(SimpleApplicationEventMulticaster.java:172)
	at org.springframework.context.event.SimpleApplicationEventMulticaster.invokeListener(SimpleApplicationEventMulticaster.java:165)
	at org.springframework.context.event.SimpleApplicationEventMulticaster.multicastEvent(SimpleApplicationEventMulticaster.java:139)
	at org.springframework.context.event.SimpleApplicationEventMulticaster.multicastEvent(SimpleApplicationEventMulticaster.java:127)
	at org.springframework.boot.context.event.EventPublishingRunListener.environmentPrepared(EventPublishingRunListener.java:75)
	at org.springframework.boot.SpringApplicationRunListeners.environmentPrepared(SpringApplicationRunListeners.java:54)
	at org.springframework.boot.SpringApplication.prepareEnvironment(SpringApplication.java:347)
	at org.springframework.boot.SpringApplication.run(SpringApplication.java:306)
	at org.springframework.boot.SpringApplication.run(SpringApplication.java:1260)
	at org.springframework.boot.SpringApplication.run(SpringApplication.java:1248)
	at com.kt.iot.master.MasterApiApplication.main(MasterApiApplication.java:107)
INFO  2019-05-05 20:38:00.985 [main] com.kt.iot.master.MasterApiApplication : Starting MasterApiApplication on DESKTOP-SOP39VH with PID 8684 (C:\Users\USER\git\masterapi\target\classes started by USER in C:\Users\USER\git\masterapi)
INFO  2019-05-05 20:38:00.987 [main] com.kt.iot.master.MasterApiApplication : No active profile set, falling back to default profiles: default
WARN  2019-05-05 20:38:01.869 [main] org.springframework.boot.context.properties.PropertySourcesDeducer : Multiple PropertySourcesPlaceholderConfigurer beans registered [swaggerProperties, propertySourcesPlaceholderConfigurer], falling back to Environment
INFO  2019-05-05 20:38:01.909 [main] org.springframework.context.support.PostProcessorRegistrationDelegate$BeanPostProcessorChecker : Bean 'dataSourceConfiguration' of type [com.kt.iot.config.DataSourceConfiguration$$EnhancerBySpringCGLIB$$dbbc9e1a] is not eligible for getting processed by all BeanPostProcessors (for example: not eligible for auto-proxying)
INFO  2019-05-05 20:38:01.923 [main] org.springframework.context.support.PostProcessorRegistrationDelegate$BeanPostProcessorChecker : Bean 'dataSource' of type [org.apache.commons.dbcp2.BasicDataSource] is not eligible for getting processed by all BeanPostProcessors (for example: not eligible for auto-proxying)
INFO  2019-05-05 20:38:02.078 [main] org.springframework.context.support.PostProcessorRegistrationDelegate$BeanPostProcessorChecker : Bean 'sqlSessionFactory' of type [org.apache.ibatis.session.defaults.DefaultSqlSessionFactory] is not eligible for getting processed by all BeanPostProcessors (for example: not eligible for auto-proxying)
INFO  2019-05-05 20:38:02.081 [main] org.springframework.context.support.PostProcessorRegistrationDelegate$BeanPostProcessorChecker : Bean 'sqlSession' of type [org.mybatis.spring.SqlSessionTemplate] is not eligible for getting processed by all BeanPostProcessors (for example: not eligible for auto-proxying)
INFO  2019-05-05 20:38:02.086 [main] org.springframework.context.support.PostProcessorRegistrationDelegate$BeanPostProcessorChecker : Bean 'baseMapper' of type [org.mybatis.spring.mapper.MapperFactoryBean] is not eligible for getting processed by all BeanPostProcessors (for example: not eligible for auto-proxying)
INFO  2019-05-05 20:38:02.088 [main] org.springframework.context.support.PostProcessorRegistrationDelegate$BeanPostProcessorChecker : Bean 'deviceRegistrationMapper' of type [org.mybatis.spring.mapper.MapperFactoryBean] is not eligible for getting processed by all BeanPostProcessors (for example: not eligible for auto-proxying)
INFO  2019-05-05 20:38:02.128 [main] org.springframework.context.support.PostProcessorRegistrationDelegate$BeanPostProcessorChecker : Bean 'org.springframework.transaction.annotation.ProxyTransactionManagementConfiguration' of type [org.springframework.transaction.annotation.ProxyTransactionManagementConfiguration$$EnhancerBySpringCGLIB$$28fb2878] is not eligible for getting processed by all BeanPostProcessors (for example: not eligible for auto-proxying)
INFO  2019-05-05 20:38:02.196 [main] org.springframework.context.support.PostProcessorRegistrationDelegate$BeanPostProcessorChecker : Bean 'org.springframework.hateoas.config.HateoasConfiguration' of type [org.springframework.hateoas.config.HateoasConfiguration$$EnhancerBySpringCGLIB$$a87b75aa] is not eligible for getting processed by all BeanPostProcessors (for example: not eligible for auto-proxying)
INFO  2019-05-05 20:38:02.421 [main] org.springframework.boot.web.embedded.tomcat.TomcatWebServer : Tomcat initialized with port(s): 8280 (http)
INFO  2019-05-05 20:38:02.438 [main] org.apache.catalina.core.StandardService : Starting service [Tomcat]
INFO  2019-05-05 20:38:02.438 [main] org.apache.catalina.core.StandardEngine : Starting Servlet engine: [Apache Tomcat/9.0.17]
INFO  2019-05-05 20:38:02.579 [main] org.apache.catalina.core.ContainerBase.[Tomcat].[localhost].[/template] : Initializing Spring embedded WebApplicationContext
INFO  2019-05-05 20:38:02.579 [main] org.springframework.web.context.ContextLoader : Root WebApplicationContext: initialization completed in 1565 ms
INFO  2019-05-05 20:38:02.607 [main] com.kt.iot.base.filter.IPBlockFilter : IP BLOCK : false
INFO  2019-05-05 20:38:02.608 [main] com.kt.iot.base.filter.IPBlockFilter : IP BLOCK WHITE LIST : 220.90.216.75,220.90.216.76
INFO  2019-05-05 20:38:02.855 [main] org.springframework.scheduling.concurrent.ThreadPoolTaskExecutor : Initializing ExecutorService 'executor'
INFO  2019-05-05 20:38:02.929 [main] org.springframework.scheduling.concurrent.ThreadPoolTaskExecutor : Initializing ExecutorService
INFO  2019-05-05 20:38:03.075 [main] org.springframework.scheduling.concurrent.ThreadPoolTaskScheduler : Initializing ExecutorService 'taskScheduler'
INFO  2019-05-05 20:38:03.110 [main] springfox.documentation.spring.web.plugins.DocumentationPluginsBootstrapper : Context refreshed
INFO  2019-05-05 20:38:03.121 [main] springfox.documentation.spring.web.plugins.DocumentationPluginsBootstrapper : Found {0} custom documentation plugin(s)
INFO  2019-05-05 20:38:03.127 [main] springfox.documentation.spring.web.scanners.ApiListingReferenceScanner : Scanning for api listing references
INFO  2019-05-05 20:38:03.130 [main] springfox.documentation.swagger.web.ClassOrApiAnnotationResourceGrouping : Group for method error was basic-error-controller
INFO  2019-05-05 20:38:03.131 [main] springfox.documentation.spring.web.scanners.ApiListingReferenceScanner : Request mapping: error belongs to groups: [[ResourceGroup{groupName='basic-error-controller', position=0, controller=org.springframework.boot.autoconfigure.web.servlet.error.BasicErrorController}]] 
INFO  2019-05-05 20:38:03.132 [main] springfox.documentation.swagger.web.ClassOrApiAnnotationResourceGrouping : Group for method errorHtml was basic-error-controller
INFO  2019-05-05 20:38:03.132 [main] springfox.documentation.spring.web.scanners.ApiListingReferenceScanner : Request mapping: errorHtml belongs to groups: [[ResourceGroup{groupName='basic-error-controller', position=0, controller=org.springframework.boot.autoconfigure.web.servlet.error.BasicErrorController}]] 
INFO  2019-05-05 20:38:03.132 [main] springfox.documentation.swagger.web.ClassOrApiAnnotationResourceGrouping : Group for method getMemgers was device-registration-controller
INFO  2019-05-05 20:38:03.132 [main] springfox.documentation.spring.web.scanners.ApiListingReferenceScanner : Request mapping: getMemgers belongs to groups: [[ResourceGroup{groupName='device-registration-controller', position=0, controller=com.kt.iot.api.v2.DeviceRegistraction.controller.DeviceRegistrationController}]] 
INFO  2019-05-05 20:38:03.134 [main] springfox.documentation.spring.web.scanners.ApiListingReferenceScanner : Created resource listing Path: /default/basic-error-controller Description: basic-error-controller Position: 0
INFO  2019-05-05 20:38:03.135 [main] springfox.documentation.spring.web.scanners.ApiListingReferenceScanner : Created resource listing Path: /default/device-registration-controller Description: device-registration-controller Position: 0
INFO  2019-05-05 20:38:03.149 [main] springfox.documentation.schema.ModelContextKeyGenerator : Cache Key Generated: java.util.Map<java.lang.String,java.lang.Object>(true)
INFO  2019-05-05 20:38:03.149 [main] springfox.documentation.spring.web.caching.CachingAspect : Caching aspect applied for cache models with key java.util.Map<java.lang.String,java.lang.Object>(true)
INFO  2019-05-05 20:38:03.153 [main] springfox.documentation.schema.ModelContextKeyGenerator : Cache Key Generated: java.util.Map<java.lang.String,java.lang.Object>(true)
INFO  2019-05-05 20:38:03.153 [main] springfox.documentation.spring.web.caching.CachingAspect : Caching aspect applied for cache modelDependencies with key java.util.Map<java.lang.String,java.lang.Object>(true)
INFO  2019-05-05 20:38:03.156 [main] springfox.documentation.spring.web.OperationsKeyGenerator : Cache key generated: /error.org.springframework.boot.autoconfigure.web.servlet.error.BasicErrorController.error.DefaultGenericTypeNamingStrategy
INFO  2019-05-05 20:38:03.156 [main] springfox.documentation.spring.web.caching.CachingAspect : Caching aspect applied for cache operations with key /error.org.springframework.boot.autoconfigure.web.servlet.error.BasicErrorController.error.DefaultGenericTypeNamingStrategy
INFO  2019-05-05 20:38:03.162 [main] springfox.documentation.swagger.web.ClassOrApiAnnotationResourceGrouping : Group for method error was basic-error-controller
INFO  2019-05-05 20:38:03.164 [main] springfox.documentation.swagger.web.ClassOrApiAnnotationResourceGrouping : Group for method error was basic-error-controller
INFO  2019-05-05 20:38:03.166 [main] springfox.documentation.swagger.web.ClassOrApiAnnotationResourceGrouping : Group for method error was basic-error-controller
INFO  2019-05-05 20:38:03.166 [main] springfox.documentation.swagger.web.ClassOrApiAnnotationResourceGrouping : Group for method error was basic-error-controller
INFO  2019-05-05 20:38:03.167 [main] springfox.documentation.swagger.web.ClassOrApiAnnotationResourceGrouping : Group for method error was basic-error-controller
INFO  2019-05-05 20:38:03.167 [main] springfox.documentation.swagger.web.ClassOrApiAnnotationResourceGrouping : Group for method error was basic-error-controller
INFO  2019-05-05 20:38:03.168 [main] springfox.documentation.swagger.web.ClassOrApiAnnotationResourceGrouping : Group for method error was basic-error-controller
INFO  2019-05-05 20:38:03.169 [main] springfox.documentation.swagger.web.ClassOrApiAnnotationResourceGrouping : Group for method error was basic-error-controller
INFO  2019-05-05 20:38:03.169 [main] springfox.documentation.swagger.web.ClassOrApiAnnotationResourceGrouping : Group for method error was basic-error-controller
INFO  2019-05-05 20:38:03.170 [main] springfox.documentation.swagger.web.ClassOrApiAnnotationResourceGrouping : Group for method error was basic-error-controller
INFO  2019-05-05 20:38:03.170 [main] springfox.documentation.swagger.web.ClassOrApiAnnotationResourceGrouping : Group for method error was basic-error-controller
INFO  2019-05-05 20:38:03.170 [main] springfox.documentation.swagger.web.ClassOrApiAnnotationResourceGrouping : Group for method error was basic-error-controller
INFO  2019-05-05 20:38:03.171 [main] springfox.documentation.swagger.web.ClassOrApiAnnotationResourceGrouping : Group for method error was basic-error-controller
INFO  2019-05-05 20:38:03.171 [main] springfox.documentation.swagger.web.ClassOrApiAnnotationResourceGrouping : Group for method error was basic-error-controller
INFO  2019-05-05 20:38:03.172 [main] springfox.documentation.swagger.web.ClassOrApiAnnotationResourceGrouping : Group for method error was basic-error-controller
INFO  2019-05-05 20:38:03.172 [main] springfox.documentation.swagger.web.ClassOrApiAnnotationResourceGrouping : Group for method error was basic-error-controller
INFO  2019-05-05 20:38:03.175 [main] springfox.documentation.schema.ModelContextKeyGenerator : Cache Key Generated: org.springframework.web.servlet.ModelAndView(true)
INFO  2019-05-05 20:38:03.175 [main] springfox.documentation.spring.web.caching.CachingAspect : Caching aspect applied for cache models with key org.springframework.web.servlet.ModelAndView(true)
INFO  2019-05-05 20:38:03.176 [main] springfox.documentation.schema.property.ModelPropertiesKeyGenerator : Cache key generated: org.springframework.web.servlet.ModelAndView(true)
INFO  2019-05-05 20:38:03.176 [main] springfox.documentation.spring.web.caching.CachingAspect : Caching aspect applied for cache modelProperties with key org.springframework.web.servlet.ModelAndView(true)
INFO  2019-05-05 20:38:03.201 [main] springfox.documentation.schema.ModelContextKeyGenerator : Cache Key Generated: org.springframework.web.servlet.ModelAndView(true)
INFO  2019-05-05 20:38:03.201 [main] springfox.documentation.spring.web.caching.CachingAspect : Caching aspect applied for cache modelDependencies with key org.springframework.web.servlet.ModelAndView(true)
INFO  2019-05-05 20:38:03.201 [main] springfox.documentation.schema.property.ModelPropertiesKeyGenerator : Cache key generated: org.springframework.web.servlet.ModelAndView(true)
INFO  2019-05-05 20:38:03.201 [main] springfox.documentation.spring.web.caching.CachingAspect : Caching aspect applied for cache modelProperties with key org.springframework.web.servlet.ModelAndView(true)
INFO  2019-05-05 20:38:03.201 [main] springfox.documentation.schema.property.ModelPropertiesKeyGenerator : Cache key generated: org.springframework.web.servlet.View(true)
INFO  2019-05-05 20:38:03.202 [main] springfox.documentation.spring.web.caching.CachingAspect : Caching aspect applied for cache modelProperties with key org.springframework.web.servlet.View(true)
INFO  2019-05-05 20:38:03.202 [main] springfox.documentation.schema.property.ModelPropertiesKeyGenerator : Cache key generated: org.springframework.web.servlet.View(true)
INFO  2019-05-05 20:38:03.202 [main] springfox.documentation.spring.web.caching.CachingAspect : Caching aspect applied for cache modelProperties with key org.springframework.web.servlet.View(true)
INFO  2019-05-05 20:38:03.203 [main] springfox.documentation.spring.web.OperationsKeyGenerator : Cache key generated: /error.org.springframework.boot.autoconfigure.web.servlet.error.BasicErrorController.errorHtml.DefaultGenericTypeNamingStrategy
INFO  2019-05-05 20:38:03.203 [main] springfox.documentation.spring.web.caching.CachingAspect : Caching aspect applied for cache operations with key /error.org.springframework.boot.autoconfigure.web.servlet.error.BasicErrorController.errorHtml.DefaultGenericTypeNamingStrategy
INFO  2019-05-05 20:38:03.203 [main] springfox.documentation.swagger.web.ClassOrApiAnnotationResourceGrouping : Group for method errorHtml was basic-error-controller
INFO  2019-05-05 20:38:03.204 [main] springfox.documentation.swagger.web.ClassOrApiAnnotationResourceGrouping : Group for method errorHtml was basic-error-controller
INFO  2019-05-05 20:38:03.204 [main] springfox.documentation.swagger.web.ClassOrApiAnnotationResourceGrouping : Group for method errorHtml was basic-error-controller
INFO  2019-05-05 20:38:03.204 [main] springfox.documentation.swagger.web.ClassOrApiAnnotationResourceGrouping : Group for method errorHtml was basic-error-controller
INFO  2019-05-05 20:38:03.205 [main] springfox.documentation.swagger.web.ClassOrApiAnnotationResourceGrouping : Group for method errorHtml was basic-error-controller
INFO  2019-05-05 20:38:03.205 [main] springfox.documentation.swagger.web.ClassOrApiAnnotationResourceGrouping : Group for method errorHtml was basic-error-controller
INFO  2019-05-05 20:38:03.205 [main] springfox.documentation.swagger.web.ClassOrApiAnnotationResourceGrouping : Group for method errorHtml was basic-error-controller
INFO  2019-05-05 20:38:03.206 [main] springfox.documentation.swagger.web.ClassOrApiAnnotationResourceGrouping : Group for method errorHtml was basic-error-controller
INFO  2019-05-05 20:38:03.206 [main] springfox.documentation.swagger.web.ClassOrApiAnnotationResourceGrouping : Group for method errorHtml was basic-error-controller
INFO  2019-05-05 20:38:03.206 [main] springfox.documentation.swagger.web.ClassOrApiAnnotationResourceGrouping : Group for method errorHtml was basic-error-controller
INFO  2019-05-05 20:38:03.207 [main] springfox.documentation.swagger.web.ClassOrApiAnnotationResourceGrouping : Group for method errorHtml was basic-error-controller
INFO  2019-05-05 20:38:03.207 [main] springfox.documentation.swagger.web.ClassOrApiAnnotationResourceGrouping : Group for method errorHtml was basic-error-controller
INFO  2019-05-05 20:38:03.207 [main] springfox.documentation.swagger.web.ClassOrApiAnnotationResourceGrouping : Group for method errorHtml was basic-error-controller
INFO  2019-05-05 20:38:03.208 [main] springfox.documentation.swagger.web.ClassOrApiAnnotationResourceGrouping : Group for method errorHtml was basic-error-controller
INFO  2019-05-05 20:38:03.208 [main] springfox.documentation.swagger.web.ClassOrApiAnnotationResourceGrouping : Group for method errorHtml was basic-error-controller
INFO  2019-05-05 20:38:03.208 [main] springfox.documentation.swagger.web.ClassOrApiAnnotationResourceGrouping : Group for method errorHtml was basic-error-controller
INFO  2019-05-05 20:38:03.218 [main] springfox.documentation.schema.ModelContextKeyGenerator : Cache Key Generated: com.kt.iot.api.VO.Device.Device(true)
INFO  2019-05-05 20:38:03.218 [main] springfox.documentation.spring.web.caching.CachingAspect : Caching aspect applied for cache models with key com.kt.iot.api.VO.Device.Device(true)
INFO  2019-05-05 20:38:03.218 [main] springfox.documentation.schema.property.ModelPropertiesKeyGenerator : Cache key generated: com.kt.iot.api.VO.Device.Device(true)
INFO  2019-05-05 20:38:03.218 [main] springfox.documentation.spring.web.caching.CachingAspect : Caching aspect applied for cache modelProperties with key com.kt.iot.api.VO.Device.Device(true)
INFO  2019-05-05 20:38:03.219 [main] springfox.documentation.schema.ModelContextKeyGenerator : Cache Key Generated: com.kt.iot.api.VO.Device.Device(true)
INFO  2019-05-05 20:38:03.219 [main] springfox.documentation.spring.web.caching.CachingAspect : Caching aspect applied for cache modelDependencies with key com.kt.iot.api.VO.Device.Device(true)
INFO  2019-05-05 20:38:03.219 [main] springfox.documentation.schema.property.ModelPropertiesKeyGenerator : Cache key generated: com.kt.iot.api.VO.Device.Device(true)
INFO  2019-05-05 20:38:03.219 [main] springfox.documentation.spring.web.caching.CachingAspect : Caching aspect applied for cache modelProperties with key com.kt.iot.api.VO.Device.Device(true)
INFO  2019-05-05 20:38:03.220 [main] springfox.documentation.schema.property.ModelPropertiesKeyGenerator : Cache key generated: com.kt.iot.api.VO.Common.Sequence(true)
INFO  2019-05-05 20:38:03.220 [main] springfox.documentation.spring.web.caching.CachingAspect : Caching aspect applied for cache modelProperties with key com.kt.iot.api.VO.Common.Sequence(true)
INFO  2019-05-05 20:38:03.220 [main] springfox.documentation.schema.property.ModelPropertiesKeyGenerator : Cache key generated: com.kt.iot.api.VO.Creator.Creator(true)
INFO  2019-05-05 20:38:03.220 [main] springfox.documentation.spring.web.caching.CachingAspect : Caching aspect applied for cache modelProperties with key com.kt.iot.api.VO.Creator.Creator(true)
INFO  2019-05-05 20:38:03.220 [main] springfox.documentation.schema.property.ModelPropertiesKeyGenerator : Cache key generated: com.kt.iot.api.VO.Model.Model(true)
INFO  2019-05-05 20:38:03.220 [main] springfox.documentation.spring.web.caching.CachingAspect : Caching aspect applied for cache modelProperties with key com.kt.iot.api.VO.Model.Model(true)
INFO  2019-05-05 20:38:03.221 [main] springfox.documentation.schema.property.ModelPropertiesKeyGenerator : Cache key generated: com.kt.iot.api.VO.Model.Function(true)
INFO  2019-05-05 20:38:03.221 [main] springfox.documentation.spring.web.caching.CachingAspect : Caching aspect applied for cache modelProperties with key com.kt.iot.api.VO.Model.Function(true)
INFO  2019-05-05 20:38:03.221 [main] springfox.documentation.schema.property.ModelPropertiesKeyGenerator : Cache key generated: com.kt.iot.api.VO.Contract.Contract(true)
INFO  2019-05-05 20:38:03.221 [main] springfox.documentation.spring.web.caching.CachingAspect : Caching aspect applied for cache modelProperties with key com.kt.iot.api.VO.Contract.Contract(true)
INFO  2019-05-05 20:38:03.222 [main] springfox.documentation.schema.property.ModelPropertiesKeyGenerator : Cache key generated: com.kt.iot.api.VO.Creator.Creator(true)
INFO  2019-05-05 20:38:03.222 [main] springfox.documentation.spring.web.caching.CachingAspect : Caching aspect applied for cache modelProperties with key com.kt.iot.api.VO.Creator.Creator(true)
INFO  2019-05-05 20:38:03.222 [main] springfox.documentation.schema.property.ModelPropertiesKeyGenerator : Cache key generated: com.kt.iot.api.VO.Common.Sequence(true)
INFO  2019-05-05 20:38:03.222 [main] springfox.documentation.spring.web.caching.CachingAspect : Caching aspect applied for cache modelProperties with key com.kt.iot.api.VO.Common.Sequence(true)
INFO  2019-05-05 20:38:03.223 [main] springfox.documentation.schema.property.ModelPropertiesKeyGenerator : Cache key generated: com.kt.iot.api.VO.Creator.Creator(true)
INFO  2019-05-05 20:38:03.223 [main] springfox.documentation.spring.web.caching.CachingAspect : Caching aspect applied for cache modelProperties with key com.kt.iot.api.VO.Creator.Creator(true)
INFO  2019-05-05 20:38:03.223 [main] springfox.documentation.schema.property.ModelPropertiesKeyGenerator : Cache key generated: com.kt.iot.api.VO.Model.Model(true)
INFO  2019-05-05 20:38:03.223 [main] springfox.documentation.spring.web.caching.CachingAspect : Caching aspect applied for cache modelProperties with key com.kt.iot.api.VO.Model.Model(true)
INFO  2019-05-05 20:38:03.223 [main] springfox.documentation.schema.property.ModelPropertiesKeyGenerator : Cache key generated: com.kt.iot.api.VO.Model.Function(true)
INFO  2019-05-05 20:38:03.223 [main] springfox.documentation.spring.web.caching.CachingAspect : Caching aspect applied for cache modelProperties with key com.kt.iot.api.VO.Model.Function(true)
INFO  2019-05-05 20:38:03.223 [main] springfox.documentation.schema.property.ModelPropertiesKeyGenerator : Cache key generated: com.kt.iot.api.VO.Contract.Contract(true)
INFO  2019-05-05 20:38:03.223 [main] springfox.documentation.spring.web.caching.CachingAspect : Caching aspect applied for cache modelProperties with key com.kt.iot.api.VO.Contract.Contract(true)
INFO  2019-05-05 20:38:03.224 [main] springfox.documentation.schema.ModelContextKeyGenerator : Cache Key Generated: com.kt.iot.api.VO.Device.Device(false)
INFO  2019-05-05 20:38:03.224 [main] springfox.documentation.spring.web.caching.CachingAspect : Caching aspect applied for cache models with key com.kt.iot.api.VO.Device.Device(false)
INFO  2019-05-05 20:38:03.224 [main] springfox.documentation.schema.property.ModelPropertiesKeyGenerator : Cache key generated: com.kt.iot.api.VO.Device.Device(false)
INFO  2019-05-05 20:38:03.224 [main] springfox.documentation.spring.web.caching.CachingAspect : Caching aspect applied for cache modelProperties with key com.kt.iot.api.VO.Device.Device(false)
INFO  2019-05-05 20:38:03.224 [main] springfox.documentation.schema.ModelContextKeyGenerator : Cache Key Generated: com.kt.iot.api.VO.Device.Device(false)
INFO  2019-05-05 20:38:03.224 [main] springfox.documentation.spring.web.caching.CachingAspect : Caching aspect applied for cache modelDependencies with key com.kt.iot.api.VO.Device.Device(false)
INFO  2019-05-05 20:38:03.225 [main] springfox.documentation.schema.property.ModelPropertiesKeyGenerator : Cache key generated: com.kt.iot.api.VO.Device.Device(false)
INFO  2019-05-05 20:38:03.225 [main] springfox.documentation.spring.web.caching.CachingAspect : Caching aspect applied for cache modelProperties with key com.kt.iot.api.VO.Device.Device(false)
INFO  2019-05-05 20:38:03.225 [main] springfox.documentation.schema.property.ModelPropertiesKeyGenerator : Cache key generated: com.kt.iot.api.VO.Common.Sequence(false)
INFO  2019-05-05 20:38:03.225 [main] springfox.documentation.spring.web.caching.CachingAspect : Caching aspect applied for cache modelProperties with key com.kt.iot.api.VO.Common.Sequence(false)
INFO  2019-05-05 20:38:03.225 [main] springfox.documentation.schema.property.ModelPropertiesKeyGenerator : Cache key generated: com.kt.iot.api.VO.Creator.Creator(false)
INFO  2019-05-05 20:38:03.225 [main] springfox.documentation.spring.web.caching.CachingAspect : Caching aspect applied for cache modelProperties with key com.kt.iot.api.VO.Creator.Creator(false)
INFO  2019-05-05 20:38:03.226 [main] springfox.documentation.schema.property.ModelPropertiesKeyGenerator : Cache key generated: com.kt.iot.api.VO.Model.Model(false)
INFO  2019-05-05 20:38:03.226 [main] springfox.documentation.spring.web.caching.CachingAspect : Caching aspect applied for cache modelProperties with key com.kt.iot.api.VO.Model.Model(false)
INFO  2019-05-05 20:38:03.226 [main] springfox.documentation.schema.property.ModelPropertiesKeyGenerator : Cache key generated: com.kt.iot.api.VO.Model.Function(false)
INFO  2019-05-05 20:38:03.226 [main] springfox.documentation.spring.web.caching.CachingAspect : Caching aspect applied for cache modelProperties with key com.kt.iot.api.VO.Model.Function(false)
INFO  2019-05-05 20:38:03.227 [main] springfox.documentation.schema.property.ModelPropertiesKeyGenerator : Cache key generated: com.kt.iot.api.VO.Contract.Contract(false)
INFO  2019-05-05 20:38:03.227 [main] springfox.documentation.spring.web.caching.CachingAspect : Caching aspect applied for cache modelProperties with key com.kt.iot.api.VO.Contract.Contract(false)
INFO  2019-05-05 20:38:03.227 [main] springfox.documentation.schema.property.ModelPropertiesKeyGenerator : Cache key generated: com.kt.iot.api.VO.Creator.Creator(false)
INFO  2019-05-05 20:38:03.228 [main] springfox.documentation.spring.web.caching.CachingAspect : Caching aspect applied for cache modelProperties with key com.kt.iot.api.VO.Creator.Creator(false)
INFO  2019-05-05 20:38:03.228 [main] springfox.documentation.schema.property.ModelPropertiesKeyGenerator : Cache key generated: com.kt.iot.api.VO.Common.Sequence(false)
INFO  2019-05-05 20:38:03.228 [main] springfox.documentation.spring.web.caching.CachingAspect : Caching aspect applied for cache modelProperties with key com.kt.iot.api.VO.Common.Sequence(false)
INFO  2019-05-05 20:38:03.228 [main] springfox.documentation.schema.property.ModelPropertiesKeyGenerator : Cache key generated: com.kt.iot.api.VO.Creator.Creator(false)
INFO  2019-05-05 20:38:03.228 [main] springfox.documentation.spring.web.caching.CachingAspect : Caching aspect applied for cache modelProperties with key com.kt.iot.api.VO.Creator.Creator(false)
INFO  2019-05-05 20:38:03.228 [main] springfox.documentation.schema.property.ModelPropertiesKeyGenerator : Cache key generated: com.kt.iot.api.VO.Model.Model(false)
INFO  2019-05-05 20:38:03.228 [main] springfox.documentation.spring.web.caching.CachingAspect : Caching aspect applied for cache modelProperties with key com.kt.iot.api.VO.Model.Model(false)
INFO  2019-05-05 20:38:03.228 [main] springfox.documentation.schema.property.ModelPropertiesKeyGenerator : Cache key generated: com.kt.iot.api.VO.Model.Function(false)
INFO  2019-05-05 20:38:03.228 [main] springfox.documentation.spring.web.caching.CachingAspect : Caching aspect applied for cache modelProperties with key com.kt.iot.api.VO.Model.Function(false)
INFO  2019-05-05 20:38:03.228 [main] springfox.documentation.schema.property.ModelPropertiesKeyGenerator : Cache key generated: com.kt.iot.api.VO.Contract.Contract(false)
INFO  2019-05-05 20:38:03.228 [main] springfox.documentation.spring.web.caching.CachingAspect : Caching aspect applied for cache modelProperties with key com.kt.iot.api.VO.Contract.Contract(false)
INFO  2019-05-05 20:38:03.229 [main] springfox.documentation.spring.web.OperationsKeyGenerator : Cache key generated: /v2/members/{memberSequence}/targets/{targetSequence}/devices.com.kt.iot.api.v2.DeviceRegistraction.controller.DeviceRegistrationController.getMemgers.DefaultGenericTypeNamingStrategy
INFO  2019-05-05 20:38:03.229 [main] springfox.documentation.spring.web.caching.CachingAspect : Caching aspect applied for cache operations with key /v2/members/{memberSequence}/targets/{targetSequence}/devices.com.kt.iot.api.v2.DeviceRegistraction.controller.DeviceRegistrationController.getMemgers.DefaultGenericTypeNamingStrategy
INFO  2019-05-05 20:38:03.237 [main] springfox.documentation.swagger.web.ClassOrApiAnnotationResourceGrouping : Group for method getMemgers was device-registration-controller
INFO  2019-05-05 20:38:03.238 [main] springfox.documentation.swagger.web.ClassOrApiAnnotationResourceGrouping : Group for method getMemgers was device-registration-controller
INFO  2019-05-05 20:38:03.273 [main] org.springframework.boot.web.embedded.tomcat.TomcatWebServer : Tomcat started on port(s): 8280 (http) with context path '/template'
INFO  2019-05-05 20:38:03.276 [main] com.kt.iot.master.MasterApiApplication : Started MasterApiApplication in 2.497 seconds (JVM running for 3.67)
